make.exe all --print-data-base --no-builtin-variables --no-builtin-rules --question
# GNU Make 3.81
# Copyright (C) 2006  Free Software Foundation, Inc.
# ï¿½ï¿½ï¿½ï¿½Íƒtï¿½ï¿½ï¿½[ï¿½\ï¿½tï¿½gï¿½Eï¿½Fï¿½Aï¿½Å‚ï¿½. ï¿½ï¿½ï¿½pï¿½ï¿½ï¿½ï¿½ï¿½É‚Â‚ï¿½ï¿½Ä‚Íƒ\ï¿½[ï¿½Xï¿½ï¿½
# ï¿½ï¿½ï¿½ï¿½ï¿½ï¿½ï¿½ï¿½ï¿½ï¿½ï¿½ï¿½.
# ï¿½ï¿½ï¿½Æï¿½ï¿½ï¿½ï¿½ï¿½ï¿½Ì–Ú“Iï¿½Ö‚Ì“Kï¿½ï¿½ï¿½ï¿½ï¿½Ì”@ï¿½ï¿½ï¿½ÉŠÖ‚ï¿½ç‚¸, ï¿½ï¿½ï¿½ÛØ‚Å‚ï¿½.

# This program built for i386-pc-mingw32
 

# Make ï¿½fï¿½[ï¿½^ï¿½xï¿½[ï¿½Xï¿½oï¿½ï¿½ Sat Aug 06 17:48:59 2022

# ï¿½Ïï¿½

# ï¿½ï¿½ï¿½ï¿½ï¿½Ïï¿½
<D = $(patsubst %/,%,$(dir $<))
# ï¿½ï¿½ï¿½ï¿½ï¿½Ïï¿½
?F = $(notdir $?)
# makefile ï¿½Ïï¿½ (`makefile', 4 ï¿½sï¿½Ú‚ï¿½ï¿½ï¿½)
SRC = ${SRCTEX:.tex=}
# makefile ï¿½Ïï¿½
MAKEFLAGS = Rrqp
# ï¿½ï¿½ï¿½ï¿½ï¿½Ïï¿½
?D = $(patsubst %/,%,$(dir $?))
# ï¿½ï¿½ï¿½ï¿½ï¿½Ïï¿½
@D = $(patsubst %/,%,$(dir $@))
# ï¿½Â‹ï¿½ï¿½Ïï¿½
HOMEDRIVE = C:
# ï¿½ï¿½ï¿½ï¿½ï¿½Ïï¿½
@F = $(notdir $@)
# ï¿½ï¿½ï¿½ï¿½ï¿½Ïï¿½
^D = $(patsubst %/,%,$(dir $^))
# makefile ï¿½Ïï¿½
CURDIR := c:/Users/iida ryo/Desktop/ï¿½ï¿½ï¿½Hï¿½ï¿½ï¿½ï¿½ï¿½/ï¿½Oï¿½Nï¿½ï¿½ï¿½Oï¿½ï¿½/ï¿½ï¿½ï¿½fï¿½Bï¿½Aï¿½nï¿½ï¿½ï¿½K1/ï¿½æ‘œï¿½ï¿½ñˆ—ï¿½/IP-CSE/IP-CSE/tex
# ï¿½fï¿½tï¿½Hï¿½ï¿½ï¿½g
SHELL := sh.exe
# ï¿½Â‹ï¿½ï¿½Ïï¿½
WINDIR = C:\Windows
# ï¿½Â‹ï¿½ï¿½Ïï¿½
VSCODE_NLS_CONFIG = {"locale":"ja","availableLanguages":{"*":"ja"},"_languagePackId":"4c21b062861233a1c11fa44b2144208f.ja","_translationsConfigFile":"C:\\Users\\iida ryo\\AppData\\Roaming\\Code\\clp\\4c21b062861233a1c11fa44b2144208f.ja\\tcf.json","_cacheRoot":"C:\\Users\\iida ryo\\AppData\\Roaming\\Code\\clp\\4c21b062861233a1c11fa44b2144208f.ja","_resolvedLanguagePackCoreLocation":"C:\\Users\\iida ryo\\AppData\\Roaming\\Code\\clp\\4c21b062861233a1c11fa44b2144208f.ja\\da76f93349a72022ca4670c1b84860304616aaa2","_corruptedFile":"C:\\Users\\iida ryo\\AppData\\Roaming\\Code\\clp\\4c21b062861233a1c11fa44b2144208f.ja\\corrupted.info","_languagePackSupport":true}
# ï¿½Â‹ï¿½ï¿½Ïï¿½
ONEDRIVE = C:\Users\iida ryo\OneDrive
# makefile ï¿½Ïï¿½ (`makefile', 1 ï¿½sï¿½Ú‚ï¿½ï¿½ï¿½)
LATEX = platex
# ï¿½Â‹ï¿½ï¿½Ïï¿½
PATHEXT = .COM;.EXE;.BAT;.CMD;.VBS;.VBE;.JS;.JSE;.WSF;.WSH;.MSC
# makefile ï¿½Ïï¿½ (`makefile', 1 ï¿½sï¿½Ú‚ï¿½ï¿½ï¿½)
MAKEFILE_LIST :=  makefile
# ï¿½Â‹ï¿½ï¿½Ïï¿½
TMP = C:\Users\IIDARY~1\AppData\Local\Temp
# ï¿½Â‹ï¿½ï¿½Ïï¿½
PROGRAMW6432 = C:\Program Files
# ï¿½Â‹ï¿½ï¿½Ïï¿½
PROGRAMDATA = C:\ProgramData
# ï¿½Â‹ï¿½ï¿½Ïï¿½
VSCODE_CWD = C:\Users\iida ryo\AppData\Local\Programs\Microsoft VS Code
# ï¿½Â‹ï¿½ï¿½Ïï¿½
PATH = C:\Program Files\mingw-w64\x86_64-8.1.0-posix-seh-rt_v6-rev0\mingw64\bin;C:\Windows\system32;C:\Windows;C:\Windows\System32\Wbem;C:\Windows\System32\WindowsPowerShell\v1.0\;C:\Windows\System32\OpenSSH\;c:\Program Files (x86)\Symantec\VIP Access Client\;C:\Program Files\Intel\WiFi\bin\;C:\Program Files\Common Files\Intel\WirelessCommon\;C:\Users\iida ryo\Anaconda3;C:\Program Files\Java\jdk-14.0.2\bin;C:\Program Files\nodejs\;C:\Program Files\Git\cmd;C:\Program Files\Docker\Docker\resources\bin;C:\ProgramData\DockerDesktop\version-bin;C:\Program Files\mingw-w64\x86_64-8.1.0-posix-seh-rt_v6-rev0\mingw64\bin;C:\Program Files (x86)\GnuWin32\bin;C:\Program Files\MATLAB\R2022a\bin;C:\Program Files\PuTTY\;C:\Program Files\MATLAB\MATLAB Runtime\v85\runtime\win64;C:\Users\iida ryo\AppData\Local\Programs\Python\Python38\Scripts\;C:\Users\iida ryo\AppData\Local\Programs\Python\Python38\;C:\Users\iida ryo\AppData\Local\Microsoft\WindowsApps;C:\Users\iida ryo\AppData\Local\Programs\Microsoft VS Code\bin;C:\Users\iida ryo\AppData\Roaming\npm;C:\Users\iida ryo\AppData\Local\GitHubDesktop\bin;C:\texlive\2021\bin\win32
# ï¿½Â‹ï¿½ï¿½Ïï¿½
COMMONPROGRAMW6432 = C:\Program Files\Common Files
# ï¿½Â‹ï¿½ï¿½Ïï¿½
PROCESSOR_ARCHITECTURE = x86
# ï¿½Â‹ï¿½ï¿½Ïï¿½
USERPROFILE = C:\Users\iida ryo
# ï¿½Â‹ï¿½ï¿½Ïï¿½
ALLUSERSPROFILE = C:\ProgramData
# makefile ï¿½Ïï¿½ (`makefile', 3 ï¿½sï¿½Ú‚ï¿½ï¿½ï¿½)
DVI = main.dvi
# ï¿½Â‹ï¿½ï¿½Ïï¿½
NUMBER_OF_PROCESSORS = 8
# ï¿½Â‹ï¿½ï¿½Ïï¿½
ELECTRON_RUN_AS_NODE = 1
# ï¿½fï¿½tï¿½Hï¿½ï¿½ï¿½g
.FEATURES := target-specific order-only second-expansion else-if archives
# ï¿½ï¿½ï¿½ï¿½ï¿½Ïï¿½
%F = $(notdir $%)
# ï¿½Â‹ï¿½ï¿½Ïï¿½
CHROME_CRASHPAD_PIPE_NAME = \\.\pipe\crashpad_21192_JYXXOATPLOBVHXFN
# ï¿½Â‹ï¿½ï¿½Ïï¿½
COMPUTERNAME = DESKTOP-8B132A4
# ï¿½Â‹ï¿½ï¿½Ïï¿½
PROGRAMFILES = C:\Program Files (x86)
# ï¿½Â‹ï¿½ï¿½Ïï¿½
DRIVERDATA = C:\Windows\System32\Drivers\DriverData
# ï¿½Â‹ï¿½ï¿½Ïï¿½
ORIGINAL_XDG_CURRENT_DESKTOP = undefined
# ï¿½Â‹ï¿½ï¿½Ïï¿½
USERNAME = iida ryo
# ï¿½Â‹ï¿½ï¿½Ïï¿½
PUBLIC = C:\Users\Public
# ï¿½Â‹ï¿½ï¿½Ïï¿½
VSCODE_AMD_ENTRYPOINT = vs/workbench/api/node/extensionHostProcess
# ï¿½Â‹ï¿½ï¿½Ïï¿½
VSCODE_CODE_CACHE_PATH = C:\Users\iida ryo\AppData\Roaming\Code\CachedData\da76f93349a72022ca4670c1b84860304616aaa2
# ï¿½Â‹ï¿½ï¿½Ïï¿½
APPLICATION_INSIGHTS_NO_DIAGNOSTIC_CHANNEL = 1
# ï¿½Â‹ï¿½ï¿½Ïï¿½
COMMONPROGRAMFILES = C:\Program Files (x86)\Common Files
# ï¿½Â‹ï¿½ï¿½Ïï¿½
LOGONSERVER = \\DESKTOP-8B132A4
# ï¿½Â‹ï¿½ï¿½Ïï¿½
ONEDRIVECONSUMER = C:\Users\iida ryo\OneDrive
# ï¿½Â‹ï¿½ï¿½Ïï¿½
VSCODE_HANDLES_UNCAUGHT_ERRORS = true
# ï¿½Â‹ï¿½ï¿½Ïï¿½
USERDOMAIN = DESKTOP-8B132A4
# ï¿½fï¿½tï¿½Hï¿½ï¿½ï¿½g
MAKE = $(MAKE_COMMAND)
# ï¿½fï¿½tï¿½Hï¿½ï¿½ï¿½g
MAKECMDGOALS := all
# makefile ï¿½Ïï¿½ (`makefile', 5 ï¿½sï¿½Ú‚ï¿½ï¿½ï¿½)
PDF = ${SRCTEX:.tex=.pdf}
# ï¿½fï¿½tï¿½Hï¿½ï¿½ï¿½g
MAKE_VERSION := 3.81
# makefile ï¿½Ïï¿½
.DEFAULT_GOAL := all
# ï¿½Â‹ï¿½ï¿½Ïï¿½
PROGRAMFILES(X86) = C:\Program Files (x86)
# ï¿½ï¿½ï¿½ï¿½ï¿½Ïï¿½
%D = $(patsubst %/,%,$(dir $%))
# ï¿½Â‹ï¿½ï¿½Ïï¿½
LOCALAPPDATA = C:\Users\iida ryo\AppData\Local
# ï¿½Â‹ï¿½ï¿½Ïï¿½
PSMODULEPATH = C:\Program Files\WindowsPowerShell\Modules;C:\Windows\system32\WindowsPowerShell\v1.0\Modules
# ï¿½fï¿½tï¿½Hï¿½ï¿½ï¿½g
MAKE_COMMAND := make.exe
# ï¿½Â‹ï¿½ï¿½Ïï¿½
PROCESSOR_ARCHITEW6432 = AMD64
# ï¿½fï¿½tï¿½Hï¿½ï¿½ï¿½g
.VARIABLES := 
# ï¿½ï¿½ï¿½ï¿½ï¿½Ïï¿½
*F = $(notdir $*)
# ï¿½Â‹ï¿½ï¿½Ïï¿½
PROCESSOR_IDENTIFIER = Intel64 Family 6 Model 142 Stepping 12, GenuineIntel
# ï¿½Â‹ï¿½ï¿½Ïï¿½
OS = Windows_NT
# ï¿½Â‹ï¿½ï¿½Ïï¿½
VSCODE_IPC_HOOK = \\.\pipe\96ee0ed801f710f8b2f98c92d616b1ac-1.70.0-main-sock
# ï¿½Â‹ï¿½ï¿½Ïï¿½
HOMEPATH = \Users\iida ryo
# ï¿½Â‹ï¿½ï¿½Ïï¿½
COMMONPROGRAMFILES(X86) = C:\Program Files (x86)\Common Files
# ï¿½Â‹ï¿½ï¿½Ïï¿½
PROMPT = $P$G
# ï¿½Â‹ï¿½ï¿½Ïï¿½
MFLAGS = -Rrqp
# ï¿½ï¿½ï¿½ï¿½ï¿½Ïï¿½
*D = $(patsubst %/,%,$(dir $*))
# ï¿½Â‹ï¿½ï¿½Ïï¿½
SYSTEMROOT = C:\Windows
# ï¿½ï¿½ï¿½ï¿½ï¿½Ïï¿½
+D = $(patsubst %/,%,$(dir $+))
# ï¿½ï¿½ï¿½ï¿½ï¿½Ïï¿½
+F = $(notdir $+)
# ï¿½Â‹ï¿½ï¿½Ïï¿½
APPDATA = C:\Users\iida ryo\AppData\Roaming
# ï¿½Â‹ï¿½ï¿½Ïï¿½
TEMP = C:\Users\IIDARY~1\AppData\Local\Temp
# ï¿½Â‹ï¿½ï¿½Ïï¿½
COMSPEC = C:\Windows\system32\cmd.exe
# ï¿½fï¿½tï¿½Hï¿½ï¿½ï¿½g
MAKEFILES := 
# ï¿½ï¿½ï¿½ï¿½ï¿½Ïï¿½
<F = $(notdir $<)
# ï¿½Â‹ï¿½ï¿½Ïï¿½
LC_ALL = C
# ï¿½ï¿½ï¿½ï¿½ï¿½Ïï¿½
^F = $(notdir $^)
# makefile ï¿½Ïï¿½ (`makefile', 6 ï¿½sï¿½Ú‚ï¿½ï¿½ï¿½)
DVIPDF = dvipdfmx
# ï¿½fï¿½tï¿½Hï¿½ï¿½ï¿½g
SUFFIXES := 
# ï¿½Â‹ï¿½ï¿½Ïï¿½
SYSTEMDRIVE = C:
# ï¿½Â‹ï¿½ï¿½Ïï¿½
SESSIONNAME = Console
# ï¿½Â‹ï¿½ï¿½Ïï¿½
PROCESSOR_REVISION = 8e0c
# ï¿½fï¿½tï¿½Hï¿½ï¿½ï¿½g
.INCLUDE_DIRS = /usr/local/include
# ï¿½Â‹ï¿½ï¿½Ïï¿½
MAKELEVEL := 0
# ï¿½Â‹ï¿½ï¿½Ïï¿½
LANG = C
# ï¿½Â‹ï¿½ï¿½Ïï¿½
PROCESSOR_LEVEL = 6
# makefile ï¿½Ïï¿½ (`makefile', 2 ï¿½sï¿½Ú‚ï¿½ï¿½ï¿½)
SRCTEX = main.tex
# makefile ï¿½Ïï¿½ (`makefile', 7 ï¿½sï¿½Ú‚ï¿½ï¿½ï¿½)
VIEWER = acroread
# ï¿½Â‹ï¿½ï¿½Ïï¿½
VSCODE_PID = 21192
# ï¿½Â‹ï¿½ï¿½Ïï¿½
USERDOMAIN_ROAMINGPROFILE = DESKTOP-8B132A4
# ï¿½Ïï¿½ï¿½Zï¿½bï¿½gï¿½Ìƒnï¿½bï¿½Vï¿½ï¿½ï¿½eï¿½[ï¿½uï¿½ï¿½ï¿½Ìï¿½ï¿½:
# Load=90/1024=9%, Rehash=0, Collisions=9/125=7%

# Pattern-specific Variable Values

# ï¿½pï¿½^ï¿½[ï¿½ï¿½ï¿½wï¿½ï¿½Ïï¿½ï¿½Ì’lï¿½È‚ï¿½.

# ï¿½fï¿½Bï¿½ï¿½ï¿½Nï¿½gï¿½ï¿½

# C:\Program Files\Docker\Docker\resources\bin (key C:/Program Files/Docker/Docker/resources/bin, mtime 1654136308): 13 ï¿½Â‚Ìƒtï¿½@ï¿½Cï¿½ï¿½, 0 ï¿½Â‚Ì“Kï¿½pï¿½sï¿½\ï¿½tï¿½@ï¿½Cï¿½ï¿½ï¿½ï¿½.
# c:\Program Files (x86)\Symantec\VIP Access Client\ (key c:/Program Files (x86)/Symantec/VIP Access Client/, mtime 1582596326): 25 ï¿½Â‚Ìƒtï¿½@ï¿½Cï¿½ï¿½, 0 ï¿½Â‚Ì“Kï¿½pï¿½sï¿½\ï¿½tï¿½@ï¿½Cï¿½ï¿½ï¿½ï¿½.
# C:\Windows\System32\WindowsPowerShell\v1.0\ (key C:/Windows/System32/WindowsPowerShell/v1.0/, mtime 1555710806): 31 ï¿½Â‚Ìƒtï¿½@ï¿½Cï¿½ï¿½, 0 ï¿½Â‚Ì“Kï¿½pï¿½sï¿½\ï¿½tï¿½@ï¿½Cï¿½ï¿½ï¿½ï¿½.
# C:\Windows\System32\Wbem (key C:/Windows/System32/Wbem, mtime 1629274153): 155 ï¿½Â‚Ìƒtï¿½@ï¿½Cï¿½ï¿½, 0 ï¿½Â‚Ì“Kï¿½pï¿½sï¿½\ï¿½tï¿½@ï¿½Cï¿½ï¿½ï¿½ï¿½.
# . (key c:/Users/iida ryo/Desktop/ï¿½ï¿½ï¿½Hï¿½ï¿½ï¿½ï¿½ï¿½/ï¿½Oï¿½Nï¿½ï¿½ï¿½Oï¿½ï¿½/ï¿½ï¿½ï¿½fï¿½Bï¿½Aï¿½nï¿½ï¿½ï¿½K1/ï¿½æ‘œï¿½ï¿½ñˆ—ï¿½/IP-CSE/IP-CSE/tex, mtime 1659775739): 11 ï¿½Â‚Ìƒtï¿½@ï¿½Cï¿½ï¿½, 0 ï¿½Â‚Ì“Kï¿½pï¿½sï¿½\ï¿½tï¿½@ï¿½Cï¿½ï¿½ï¿½ï¿½.
# C:\Users\iida ryo\AppData\Local\Programs\Microsoft VS Code\bin (key C:/Users/iida ryo/AppData/Local/Programs/Microsoft VS Code/bin, mtime 1659641284): 4 ï¿½Â‚Ìƒtï¿½@ï¿½Cï¿½ï¿½, 0 ï¿½Â‚Ì“Kï¿½pï¿½sï¿½\ï¿½tï¿½@ï¿½Cï¿½ï¿½ï¿½ï¿½.
# C:\Program Files\nodejs\ (key C:/Program Files/nodejs/, mtime 1599926451): 11 ï¿½Â‚Ìƒtï¿½@ï¿½Cï¿½ï¿½, 0 ï¿½Â‚Ì“Kï¿½pï¿½sï¿½\ï¿½tï¿½@ï¿½Cï¿½ï¿½ï¿½ï¿½.
# C:\Users\iida ryo\AppData\Roaming\npm (key C:/Users/iida ryo/AppData/Roaming/npm, mtime 1599926446): 2 ï¿½Â‚Ìƒtï¿½@ï¿½Cï¿½ï¿½, 0 ï¿½Â‚Ì“Kï¿½pï¿½sï¿½\ï¿½tï¿½@ï¿½Cï¿½ï¿½ï¿½ï¿½.
# C:\Users\iida ryo\Anaconda3 (key C:/Users/iida ryo/Anaconda3, mtime 1596119944): 86 ï¿½Â‚Ìƒtï¿½@ï¿½Cï¿½ï¿½, 0 ï¿½Â‚Ì“Kï¿½pï¿½sï¿½\ï¿½tï¿½@ï¿½Cï¿½ï¿½ï¿½ï¿½.
# C:\Windows\System32\OpenSSH\: ï¿½ï¿½Ô‚ğ’²‚×‚ï¿½ï¿½Ü‚ï¿½ï¿½ï¿½Å‚ï¿½ï¿½ï¿½.
# C:\Program Files\PuTTY\ (key C:/Program Files/PuTTY/, mtime 1657255150): 12 ï¿½Â‚Ìƒtï¿½@ï¿½Cï¿½ï¿½, 0 ï¿½Â‚Ì“Kï¿½pï¿½sï¿½\ï¿½tï¿½@ï¿½Cï¿½ï¿½ï¿½ï¿½.
# C:\Windows (key C:/Windows, mtime 1598587684): 117 ï¿½Â‚Ìƒtï¿½@ï¿½Cï¿½ï¿½, 0 ï¿½Â‚Ì“Kï¿½pï¿½sï¿½\ï¿½tï¿½@ï¿½Cï¿½ï¿½ï¿½ï¿½.
# C:\Users\iida ryo\AppData\Local\Programs\Python\Python38\ (key C:/Users/iida ryo/AppData/Local/Programs/Python/Python38/, mtime 1596107667): 18 ï¿½Â‚Ìƒtï¿½@ï¿½Cï¿½ï¿½, 0 ï¿½Â‚Ì“Kï¿½pï¿½sï¿½\ï¿½tï¿½@ï¿½Cï¿½ï¿½ï¿½ï¿½.
# C:\Users\iida ryo\AppData\Local\GitHubDesktop\bin (key C:/Users/iida ryo/AppData/Local/GitHubDesktop/bin, mtime 1619582931): 4 ï¿½Â‚Ìƒtï¿½@ï¿½Cï¿½ï¿½, 0 ï¿½Â‚Ì“Kï¿½pï¿½sï¿½\ï¿½tï¿½@ï¿½Cï¿½ï¿½ï¿½ï¿½.
# C:\Users\iida ryo\AppData\Local\Microsoft\WindowsApps (key C:/Users/iida ryo/AppData/Local/Microsoft/WindowsApps, mtime 1659549967): 25 ï¿½Â‚Ìƒtï¿½@ï¿½Cï¿½ï¿½, 0 ï¿½Â‚Ì“Kï¿½pï¿½sï¿½\ï¿½tï¿½@ï¿½Cï¿½ï¿½ï¿½ï¿½.
# C:\Program Files\Intel\WiFi\bin\ (key C:/Program Files/Intel/WiFi/bin/, mtime 1591815745): 6 ï¿½Â‚Ìƒtï¿½@ï¿½Cï¿½ï¿½, 0 ï¿½Â‚Ì“Kï¿½pï¿½sï¿½\ï¿½tï¿½@ï¿½Cï¿½ï¿½ï¿½ï¿½.
# C:\Program Files\Common Files\Intel\WirelessCommon\ (key C:/Program Files/Common Files/Intel/WirelessCommon/, mtime 1582595790): 7 ï¿½Â‚Ìƒtï¿½@ï¿½Cï¿½ï¿½, 0 ï¿½Â‚Ì“Kï¿½pï¿½sï¿½\ï¿½tï¿½@ï¿½Cï¿½ï¿½ï¿½ï¿½.
# C:\Users\iida ryo\AppData\Local\Programs\Python\Python38\Scripts\ (key C:/Users/iida ryo/AppData/Local/Programs/Python/Python38/Scripts/, mtime 1657174314): 11 ï¿½Â‚Ìƒtï¿½@ï¿½Cï¿½ï¿½, 0 ï¿½Â‚Ì“Kï¿½pï¿½sï¿½\ï¿½tï¿½@ï¿½Cï¿½ï¿½ï¿½ï¿½.
# C:\Program Files\MATLAB\MATLAB Runtime\v85\runtime\win64 (key C:/Program Files/MATLAB/MATLAB Runtime/v85/runtime/win64, mtime 1658951406): 7 ï¿½Â‚Ìƒtï¿½@ï¿½Cï¿½ï¿½, 0 ï¿½Â‚Ì“Kï¿½pï¿½sï¿½\ï¿½tï¿½@ï¿½Cï¿½ï¿½ï¿½ï¿½.
# C:\Program Files\mingw-w64\x86_64-8.1.0-posix-seh-rt_v6-rev0\mingw64\bin (key C:/Program Files/mingw-w64/x86_64-8.1.0-posix-seh-rt_v6-rev0/mingw64/bin, mtime 1633624872): 58 ï¿½Â‚Ìƒtï¿½@ï¿½Cï¿½ï¿½, 0 ï¿½Â‚Ì“Kï¿½pï¿½sï¿½\ï¿½tï¿½@ï¿½Cï¿½ï¿½ï¿½ï¿½.
# C:\Program Files\MATLAB\R2022a\bin (key C:/Program Files/MATLAB/R2022a/bin, mtime 1655433110): 14 ï¿½Â‚Ìƒtï¿½@ï¿½Cï¿½ï¿½, 0 ï¿½Â‚Ì“Kï¿½pï¿½sï¿½\ï¿½tï¿½@ï¿½Cï¿½ï¿½ï¿½ï¿½.
# C:\ProgramData\DockerDesktop\version-bin: ï¿½ï¿½Ô‚ğ’²‚×‚ï¿½ï¿½Ü‚ï¿½ï¿½ï¿½Å‚ï¿½ï¿½ï¿½.
# C:\Program Files\Git\cmd (key C:/Program Files/Git/cmd, mtime 1619582651): 8 ï¿½Â‚Ìƒtï¿½@ï¿½Cï¿½ï¿½, 0 ï¿½Â‚Ì“Kï¿½pï¿½sï¿½\ï¿½tï¿½@ï¿½Cï¿½ï¿½ï¿½ï¿½.
# C:\Windows\system32 (key C:/Windows/system32, mtime 1658808866): 2948 ï¿½Â‚Ìƒtï¿½@ï¿½Cï¿½ï¿½, 0 ï¿½Â‚Ì“Kï¿½pï¿½sï¿½\ï¿½tï¿½@ï¿½Cï¿½ï¿½ï¿½ï¿½.
# C:\texlive\2021\bin\win32 (key C:/texlive/2021/bin/win32, mtime 1646120755): 549 ï¿½Â‚Ìƒtï¿½@ï¿½Cï¿½ï¿½, 0 ï¿½Â‚Ì“Kï¿½pï¿½sï¿½\ï¿½tï¿½@ï¿½Cï¿½ï¿½ï¿½ï¿½.
# C:\Program Files (x86)\GnuWin32\bin (key C:/Program Files (x86)/GnuWin32/bin, mtime 1655045633): 5 ï¿½Â‚Ìƒtï¿½@ï¿½Cï¿½ï¿½, 0 ï¿½Â‚Ì“Kï¿½pï¿½sï¿½\ï¿½tï¿½@ï¿½Cï¿½ï¿½ï¿½ï¿½.
# C:\Program Files\Java\jdk-14.0.2\bin (key C:/Program Files/Java/jdk-14.0.2/bin, mtime 1596544708): 125 ï¿½Â‚Ìƒtï¿½@ï¿½Cï¿½ï¿½, 0 ï¿½Â‚Ì“Kï¿½pï¿½sï¿½\ï¿½tï¿½@ï¿½Cï¿½ï¿½ï¿½ï¿½.

# 4252 ï¿½Â‚Ìƒtï¿½@ï¿½Cï¿½ï¿½, 0 ï¿½Â‚Ì“Kï¿½pï¿½sï¿½\ï¿½tï¿½@ï¿½Cï¿½ï¿½ï¿½ï¿½ (27 ï¿½Â‚Ìƒfï¿½Bï¿½ï¿½ï¿½Nï¿½gï¿½ï¿½ï¿½ï¿½).

# ï¿½Ã–Ùƒï¿½ï¿½[ï¿½ï¿½

# ï¿½Ã–Ùƒï¿½ï¿½[ï¿½ï¿½ï¿½È‚ï¿½.

# ï¿½tï¿½@ï¿½Cï¿½ï¿½

view: main.pdf
#  ï¿½Ã–Ùƒï¿½ï¿½[ï¿½ï¿½ï¿½Ì’Tï¿½ï¿½ï¿½Ísï¿½ï¿½ï¿½Ü‚ï¿½ï¿½ï¿½Å‚ï¿½ï¿½ï¿½.
#  ï¿½Cï¿½ï¿½ï¿½ï¿½ï¿½ï¿½ï¿½ï¿½ï¿½`ï¿½Fï¿½bï¿½Nï¿½ï¿½ï¿½ï¿½é‚±ï¿½Æ‚Í‚ï¿½ï¿½ï¿½Ü‚ï¿½ï¿½ï¿½.
#  ï¿½tï¿½@ï¿½Cï¿½ï¿½ï¿½ÍXï¿½Vï¿½ï¿½ï¿½ï¿½Ä‚ï¿½ï¿½Ü‚ï¿½ï¿½ï¿½.
#  ï¿½ï¿½ï¿½sï¿½ï¿½ï¿½ï¿½Rï¿½}ï¿½ï¿½ï¿½h (`makefile', 12 ï¿½sï¿½Ú‚ï¿½ï¿½ï¿½):
	${VIEWER} ${PDF}
	

all: main.pdf
#  ï¿½Rï¿½}ï¿½ï¿½ï¿½hï¿½ï¿½ï¿½Cï¿½ï¿½ï¿½^ï¿½[ï¿½Qï¿½bï¿½g.
#  ï¿½Ã–Ùƒï¿½ï¿½[ï¿½ï¿½ï¿½Ì’Tï¿½ï¿½ï¿½ï¿½ï¿½sï¿½ï¿½ï¿½Ü‚ï¿½ï¿½ï¿½.
#  ï¿½tï¿½@ï¿½Cï¿½ï¿½ï¿½ï¿½ï¿½ï¿½ï¿½İ‚ï¿½ï¿½Ü‚ï¿½ï¿½ï¿½.
#  ï¿½tï¿½@ï¿½Cï¿½ï¿½ï¿½ÍXï¿½Vï¿½ï¿½ï¿½ï¿½Ä‚ï¿½ï¿½Ü‚ï¿½.
#  ï¿½Xï¿½Vï¿½ï¿½ï¿½Kï¿½vï¿½Å‚ï¿½ (-q ï¿½ï¿½ï¿½Zï¿½bï¿½gï¿½ï¿½ï¿½ï¿½Ä‚ï¿½ï¿½Ü‚ï¿½).
# ï¿½Ïï¿½ï¿½Zï¿½bï¿½gï¿½Ìƒnï¿½bï¿½Vï¿½ï¿½ï¿½eï¿½[ï¿½uï¿½ï¿½ï¿½Ìï¿½ï¿½:
# Load=0/32=0%, Rehash=0, Collisions=0/7=0%

# ï¿½^ï¿½[ï¿½Qï¿½bï¿½gï¿½Å‚Í‚ï¿½ï¿½ï¿½Ü‚ï¿½ï¿½ï¿½:
.DEFAULT:
#  ï¿½Ã–Ùƒï¿½ï¿½[ï¿½ï¿½ï¿½Ì’Tï¿½ï¿½ï¿½Ísï¿½ï¿½ï¿½Ü‚ï¿½ï¿½ï¿½Å‚ï¿½ï¿½ï¿½.
#  ï¿½Cï¿½ï¿½ï¿½ï¿½ï¿½ï¿½ï¿½ï¿½ï¿½`ï¿½Fï¿½bï¿½Nï¿½ï¿½ï¿½ï¿½é‚±ï¿½Æ‚Í‚ï¿½ï¿½ï¿½Ü‚ï¿½ï¿½ï¿½.
#  ï¿½tï¿½@ï¿½Cï¿½ï¿½ï¿½ÍXï¿½Vï¿½ï¿½ï¿½ï¿½Ä‚ï¿½ï¿½Ü‚ï¿½ï¿½ï¿½.

# ï¿½^ï¿½[ï¿½Qï¿½bï¿½gï¿½Å‚Í‚ï¿½ï¿½ï¿½Ü‚ï¿½ï¿½ï¿½:
makefile:
#  ï¿½Ã–Ùƒï¿½ï¿½[ï¿½ï¿½ï¿½Ì’Tï¿½ï¿½ï¿½ï¿½ï¿½sï¿½ï¿½ï¿½Ü‚ï¿½ï¿½ï¿½.
#  ï¿½ÅIï¿½Cï¿½ï¿½ 2022-08-05 23:21:28
#  ï¿½tï¿½@ï¿½Cï¿½ï¿½ï¿½ÍXï¿½Vï¿½ï¿½ï¿½ï¿½Ä‚ï¿½ï¿½Ü‚ï¿½.
#  ï¿½Xï¿½Vï¿½Éï¿½ï¿½ï¿½ï¿½ï¿½ï¿½Ü‚ï¿½ï¿½ï¿½.
# ï¿½Ïï¿½ï¿½Zï¿½bï¿½gï¿½Ìƒnï¿½bï¿½Vï¿½ï¿½ï¿½eï¿½[ï¿½uï¿½ï¿½ï¿½Ìï¿½ï¿½:
# Load=0/32=0%, Rehash=0, Collisions=0/0=0%

# ï¿½^ï¿½[ï¿½Qï¿½bï¿½gï¿½Å‚Í‚ï¿½ï¿½ï¿½Ü‚ï¿½ï¿½ï¿½:
main.tex:
#  ï¿½Ã–Ùƒï¿½ï¿½[ï¿½ï¿½ï¿½Ì’Tï¿½ï¿½ï¿½ï¿½ï¿½sï¿½ï¿½ï¿½Ü‚ï¿½ï¿½ï¿½.
#  ï¿½ÅIï¿½Cï¿½ï¿½ 2022-08-05 23:54:08
#  ï¿½tï¿½@ï¿½Cï¿½ï¿½ï¿½ÍXï¿½Vï¿½ï¿½ï¿½ï¿½Ä‚ï¿½ï¿½Ü‚ï¿½.
#  ï¿½Xï¿½Vï¿½Éï¿½ï¿½ï¿½ï¿½ï¿½ï¿½Ü‚ï¿½ï¿½ï¿½.
# ï¿½Ïï¿½ï¿½Zï¿½bï¿½gï¿½Ìƒnï¿½bï¿½Vï¿½ï¿½ï¿½eï¿½[ï¿½uï¿½ï¿½ï¿½Ìï¿½ï¿½:
# Load=0/32=0%, Rehash=0, Collisions=0/0=0%

# ï¿½^ï¿½[ï¿½Qï¿½bï¿½gï¿½Å‚Í‚ï¿½ï¿½ï¿½Ü‚ï¿½ï¿½ï¿½:
.SUFFIXES:
#  ï¿½Ã–Ùƒï¿½ï¿½[ï¿½ï¿½ï¿½Ì’Tï¿½ï¿½ï¿½Ísï¿½ï¿½ï¿½Ü‚ï¿½ï¿½ï¿½Å‚ï¿½ï¿½ï¿½.
#  ï¿½Cï¿½ï¿½ï¿½ï¿½ï¿½ï¿½ï¿½ï¿½ï¿½`ï¿½Fï¿½bï¿½Nï¿½ï¿½ï¿½ï¿½é‚±ï¿½Æ‚Í‚ï¿½ï¿½ï¿½Ü‚ï¿½ï¿½ï¿½.
#  ï¿½tï¿½@ï¿½Cï¿½ï¿½ï¿½ÍXï¿½Vï¿½ï¿½ï¿½ï¿½Ä‚ï¿½ï¿½Ü‚ï¿½ï¿½ï¿½.

clean:
#  ï¿½Ã–Ùƒï¿½ï¿½[ï¿½ï¿½ï¿½Ì’Tï¿½ï¿½ï¿½Ísï¿½ï¿½ï¿½Ü‚ï¿½ï¿½ï¿½Å‚ï¿½ï¿½ï¿½.
#  ï¿½Cï¿½ï¿½ï¿½ï¿½ï¿½ï¿½ï¿½ï¿½ï¿½`ï¿½Fï¿½bï¿½Nï¿½ï¿½ï¿½ï¿½é‚±ï¿½Æ‚Í‚ï¿½ï¿½ï¿½Ü‚ï¿½ï¿½ï¿½.
#  ï¿½tï¿½@ï¿½Cï¿½ï¿½ï¿½ÍXï¿½Vï¿½ï¿½ï¿½ï¿½Ä‚ï¿½ï¿½Ü‚ï¿½ï¿½ï¿½.
#  ï¿½ï¿½ï¿½sï¿½ï¿½ï¿½ï¿½Rï¿½}ï¿½ï¿½ï¿½h (`makefile', 19 ï¿½sï¿½Ú‚ï¿½ï¿½ï¿½):
	\rm -f ${PDF} *.dvi *.aux *.log *~
	

main.pdf: main.tex
#  ï¿½Ã–Ùƒï¿½ï¿½[ï¿½ï¿½ï¿½Ì’Tï¿½ï¿½ï¿½Ísï¿½ï¿½ï¿½Ü‚ï¿½ï¿½ï¿½Å‚ï¿½ï¿½ï¿½.
#  ï¿½Ã–ï¿½/ï¿½Ã“Iï¿½pï¿½^ï¿½[ï¿½ï¿½ï¿½êŠ²: `'
#  ï¿½tï¿½@ï¿½Cï¿½ï¿½ï¿½ï¿½ï¿½ï¿½ï¿½İ‚ï¿½ï¿½Ü‚ï¿½ï¿½ï¿½.
#  ï¿½tï¿½@ï¿½Cï¿½ï¿½ï¿½ÍXï¿½Vï¿½ï¿½ï¿½ï¿½Ä‚ï¿½ï¿½Ü‚ï¿½.
#  ï¿½Xï¿½Vï¿½ï¿½ï¿½Kï¿½vï¿½Å‚ï¿½ (-q ï¿½ï¿½ï¿½Zï¿½bï¿½gï¿½ï¿½ï¿½ï¿½Ä‚ï¿½ï¿½Ü‚ï¿½).
# ï¿½ï¿½ï¿½ï¿½ï¿½Ïï¿½
# @ := main.pdf
# ï¿½ï¿½ï¿½ï¿½ï¿½Ïï¿½
# % := 
# ï¿½ï¿½ï¿½ï¿½ï¿½Ïï¿½
# * := 
# ï¿½ï¿½ï¿½ï¿½ï¿½Ïï¿½
# + := main.tex
# ï¿½ï¿½ï¿½ï¿½ï¿½Ïï¿½
# | := 
# ï¿½ï¿½ï¿½ï¿½ï¿½Ïï¿½
# < := main.tex
# ï¿½ï¿½ï¿½ï¿½ï¿½Ïï¿½
# ^ := main.tex
# ï¿½ï¿½ï¿½ï¿½ï¿½Ïï¿½
# ? := main.tex
# ï¿½Ïï¿½ï¿½Zï¿½bï¿½gï¿½Ìƒnï¿½bï¿½Vï¿½ï¿½ï¿½eï¿½[ï¿½uï¿½ï¿½ï¿½Ìï¿½ï¿½:
# Load=8/32=25%, Rehash=0, Collisions=6/15=40%
#  ï¿½ï¿½ï¿½sï¿½ï¿½ï¿½ï¿½Rï¿½}ï¿½ï¿½ï¿½h (`makefile', 15 ï¿½sï¿½Ú‚ï¿½ï¿½ï¿½):
	${LATEX} ${SRC}
	${DVIPDF} ${DVI}
	

# ï¿½tï¿½@ï¿½Cï¿½ï¿½ï¿½nï¿½bï¿½Vï¿½ï¿½ï¿½eï¿½[ï¿½uï¿½ï¿½ï¿½Ìï¿½ï¿½:
# Load=8/1024=1%, Rehash=0, Collisions=0/24=0%
# VPATH ï¿½Tï¿½ï¿½ï¿½pï¿½X

# `vpath' ï¿½Tï¿½ï¿½ï¿½pï¿½Xï¿½Í‚ï¿½ï¿½ï¿½Ü‚ï¿½ï¿½ï¿½

# ï¿½ï¿½Ê‚ï¿½ (`VPATH' ï¿½Ïï¿½) ï¿½Tï¿½ï¿½ï¿½pï¿½Xï¿½È‚ï¿½.

# # of strings in strcache: 1
# # of strcache buffers: 1
# strcache size: total = 4096 / max = 4096 / min = 4096 / avg = 4096
# strcache free: total = 4087 / max = 4087 / min = 4087 / avg = 4087

# Make ï¿½fï¿½[ï¿½^ï¿½xï¿½[ï¿½Xï¿½Iï¿½ï¿½ Sat Aug 06 17:48:59 2022

 
