m = 1
                               SARIMAX Results                                
==============================================================================
Dep. Variable:                  value   No. Observations:                  260
Model:               SARIMAX(1, 0, 1)   Log Likelihood               -1135.781
Date:                Fri, 10 May 2024   AIC                           2277.563
Time:                        00:28:58   BIC                           2288.245
Sample:                             0   HQIC                          2281.857
                                - 260                                         
Covariance Type:                  opg                                         
==============================================================================
                 coef    std err          z      P>|z|      [0.025      0.975]
------------------------------------------------------------------------------
ar.L1          0.8965      0.031     29.331      0.000       0.837       0.956
ma.L1          0.4881      0.052      9.374      0.000       0.386       0.590
sigma2       360.9799     23.492     15.366      0.000     314.937     407.023
===================================================================================
Ljung-Box (L1) (Q):                   4.11   Jarque-Bera (JB):                60.64
Prob(Q):                              0.04   Prob(JB):                         0.00
Heteroskedasticity (H):               1.28   Skew:                             0.69
Prob(H) (two-sided):                  0.25   Kurtosis:                         4.93
===================================================================================

Warnings:
[1] Covariance matrix calculated using the outer product of gradients (complex-step).
AIC = 2277.5629487946017
RMSE = 65.09337592407111

m = 2
                               SARIMAX Results                                
==============================================================================
Dep. Variable:                  value   No. Observations:                  260
Model:               SARIMAX(2, 0, 1)   Log Likelihood               -1121.529
Date:                Fri, 10 May 2024   AIC                           2251.057
Time:                        00:29:20   BIC                           2265.300
Sample:                             0   HQIC                          2256.783
                                - 260                                         
Covariance Type:                  opg                                         
==============================================================================
                 coef    std err          z      P>|z|      [0.025      0.975]
------------------------------------------------------------------------------
ar.L1          1.3875      0.086     16.160      0.000       1.219       1.556
ar.L2         -0.5050      0.093     -5.450      0.000      -0.687      -0.323
ma.L1          0.1414      0.093      1.520      0.128      -0.041       0.324
sigma2       323.1658     20.110     16.070      0.000     283.751     362.581
===================================================================================
Ljung-Box (L1) (Q):                   0.86   Jarque-Bera (JB):                79.60
Prob(Q):                              0.35   Prob(JB):                         0.00
Heteroskedasticity (H):               1.13   Skew:                             0.45
Prob(H) (two-sided):                  0.58   Kurtosis:                         5.56
===================================================================================

Warnings:
[1] Covariance matrix calculated using the outer product of gradients (complex-step).
AIC = 2251.057286731616
RMSE = 76.0232647542126

m = 3
                               SARIMAX Results                                
==============================================================================
Dep. Variable:                  value   No. Observations:                  260
Model:               SARIMAX(3, 0, 1)   Log Likelihood               -1090.345
Date:                Fri, 10 May 2024   AIC                           2190.690
Time:                        00:29:35   BIC                           2208.493
Sample:                             0   HQIC                          2197.847
                                - 260                                         
Covariance Type:                  opg                                         
==============================================================================
                 coef    std err          z      P>|z|      [0.025      0.975]
------------------------------------------------------------------------------
ar.L1          2.3496      0.045     52.696      0.000       2.262       2.437
ar.L2         -2.0534      0.076    -27.037      0.000      -2.202      -1.905
ar.L3          0.7030      0.038     18.583      0.000       0.629       0.777
ma.L1         -0.9159      0.043    -21.440      0.000      -1.000      -0.832
sigma2       252.4753     17.925     14.085      0.000     217.342     287.608
===================================================================================
Ljung-Box (L1) (Q):                   4.73   Jarque-Bera (JB):                55.53
Prob(Q):                              0.03   Prob(JB):                         0.00
Heteroskedasticity (H):               1.11   Skew:                             0.65
Prob(H) (two-sided):                  0.62   Kurtosis:                         4.86
===================================================================================

Warnings:
[1] Covariance matrix calculated using the outer product of gradients (complex-step).
AIC = 2190.6900022226396
RMSE = 41.073215018072354

m = 4
                               SARIMAX Results                                
==============================================================================
Dep. Variable:                  value   No. Observations:                  260
Model:               SARIMAX(4, 0, 1)   Log Likelihood               -1084.589
Date:                Fri, 10 May 2024   AIC                           2181.178
Time:                        00:29:46   BIC                           2202.542
Sample:                             0   HQIC                          2189.767
                                - 260                                         
Covariance Type:                  opg                                         
==============================================================================
                 coef    std err          z      P>|z|      [0.025      0.975]
------------------------------------------------------------------------------
ar.L1          2.1738      0.076     28.528      0.000       2.024       2.323
ar.L2         -1.5820      0.165     -9.583      0.000      -1.906      -1.258
ar.L3          0.1791      0.159      1.129      0.259      -0.132       0.490
ar.L4          0.2278      0.068      3.352      0.001       0.095       0.361
ma.L1         -0.8719      0.055    -15.931      0.000      -0.979      -0.765
sigma2       241.2906     17.684     13.644      0.000     206.630     275.951
===================================================================================
Ljung-Box (L1) (Q):                   0.15   Jarque-Bera (JB):                66.21
Prob(Q):                              0.70   Prob(JB):                         0.00
Heteroskedasticity (H):               1.00   Skew:                             0.68
Prob(H) (two-sided):                  0.98   Kurtosis:                         5.07
===================================================================================

Warnings:
[1] Covariance matrix calculated using the outer product of gradients (complex-step).
AIC = 2181.1782945335594
RMSE = 42.3366276445992

m = 5
                               SARIMAX Results                                
==============================================================================
Dep. Variable:                  value   No. Observations:                  260
Model:               SARIMAX(5, 0, 1)   Log Likelihood               -1083.187
Date:                Fri, 10 May 2024   AIC                           2180.373
Time:                        00:30:01   BIC                           2205.298
Sample:                             0   HQIC                          2190.394
                                - 260                                         
Covariance Type:                  opg                                         
==============================================================================
                 coef    std err          z      P>|z|      [0.025      0.975]
------------------------------------------------------------------------------
ar.L1          2.1261      0.086     24.717      0.000       1.958       2.295
ar.L2         -1.5596      0.168     -9.268      0.000      -1.889      -1.230
ar.L3          0.3202      0.164      1.957      0.050      -0.000       0.641
ar.L4         -0.0037      0.150     -0.025      0.980      -0.298       0.291
ar.L5          0.1155      0.075      1.530      0.126      -0.032       0.263
ma.L1         -0.8455      0.063    -13.435      0.000      -0.969      -0.722
sigma2       238.5900     17.705     13.476      0.000     203.889     273.291
===================================================================================
Ljung-Box (L1) (Q):                   0.20   Jarque-Bera (JB):                58.58
Prob(Q):                              0.65   Prob(JB):                         0.00
Heteroskedasticity (H):               1.05   Skew:                             0.65
Prob(H) (two-sided):                  0.83   Kurtosis:                         4.93
===================================================================================

Warnings:
[1] Covariance matrix calculated using the outer product of gradients (complex-step).
AIC = 2180.3734247721286
RMSE = 42.07855162927282

m = 6
                               SARIMAX Results                                
==============================================================================
Dep. Variable:                  value   No. Observations:                  260
Model:               SARIMAX(6, 0, 1)   Log Likelihood               -1073.948
Date:                Fri, 10 May 2024   AIC                           2163.896
Time:                        00:30:13   BIC                           2192.381
Sample:                             0   HQIC                          2175.348
                                - 260                                         
Covariance Type:                  opg                                         
==============================================================================
                 coef    std err          z      P>|z|      [0.025      0.975]
------------------------------------------------------------------------------
ar.L1          2.0099      0.090     22.209      0.000       1.832       2.187
ar.L2         -1.4407      0.167     -8.633      0.000      -1.768      -1.114
ar.L3          0.2195      0.162      1.354      0.176      -0.098       0.537
ar.L4          0.3616      0.182      1.983      0.047       0.004       0.719
ar.L5         -0.4549      0.183     -2.492      0.013      -0.813      -0.097
ar.L6          0.3022      0.089      3.386      0.001       0.127       0.477
ma.L1         -0.7499      0.079     -9.474      0.000      -0.905      -0.595
sigma2       221.6930     15.651     14.165      0.000     191.017     252.369
===================================================================================
Ljung-Box (L1) (Q):                   0.38   Jarque-Bera (JB):                89.19
Prob(Q):                              0.54   Prob(JB):                         0.00
Heteroskedasticity (H):               1.00   Skew:                             0.76
Prob(H) (two-sided):                  1.00   Kurtosis:                         5.43
===================================================================================

Warnings:
[1] Covariance matrix calculated using the outer product of gradients (complex-step).
AIC = 2163.895985182815
RMSE = 36.925089043226606

m = 7
                               SARIMAX Results                                
==============================================================================
Dep. Variable:                  value   No. Observations:                  260
Model:               SARIMAX(7, 0, 1)   Log Likelihood               -1070.896
Date:                Fri, 10 May 2024   AIC                           2159.793
Time:                        00:30:25   BIC                           2191.839
Sample:                             0   HQIC                          2172.675
                                - 260                                         
Covariance Type:                  opg                                         
==============================================================================
                 coef    std err          z      P>|z|      [0.025      0.975]
------------------------------------------------------------------------------
ar.L1          1.8763      0.106     17.725      0.000       1.669       2.084
ar.L2         -1.2479      0.180     -6.952      0.000      -1.600      -0.896
ar.L3          0.1113      0.159      0.702      0.483      -0.200       0.422
ar.L4          0.3374      0.170      1.990      0.047       0.005       0.670
ar.L5         -0.2396      0.186     -1.285      0.199      -0.605       0.126
ar.L6         -0.0348      0.162     -0.215      0.830      -0.352       0.282
ar.L7          0.1938      0.082      2.377      0.017       0.034       0.354
ma.L1         -0.6515      0.099     -6.598      0.000      -0.845      -0.458
sigma2       216.3256     15.481     13.973      0.000     185.983     246.669
===================================================================================
Ljung-Box (L1) (Q):                   0.06   Jarque-Bera (JB):                68.99
Prob(Q):                              0.81   Prob(JB):                         0.00
Heteroskedasticity (H):               0.98   Skew:                             0.67
Prob(H) (two-sided):                  0.94   Kurtosis:                         5.14
===================================================================================

Warnings:
[1] Covariance matrix calculated using the outer product of gradients (complex-step).
AIC = 2159.792524047141
RMSE = 35.20909550156978

m = 8 *
                               SARIMAX Results                                
==============================================================================
Dep. Variable:                  value   No. Observations:                  260
Model:               SARIMAX(8, 0, 1)   Log Likelihood               -1069.774
Date:                Fri, 10 May 2024   AIC                           2159.548
Time:                        00:30:35   BIC                           2195.155
Sample:                             0   HQIC                          2173.863
                                - 260                                         
Covariance Type:                  opg                                         
==============================================================================
                 coef    std err          z      P>|z|      [0.025      0.975]
------------------------------------------------------------------------------
ar.L1          1.7399      0.169     10.278      0.000       1.408       2.072
ar.L2         -1.0853      0.236     -4.608      0.000      -1.547      -0.624
ar.L3          0.0747      0.153      0.489      0.625      -0.225       0.374
ar.L4          0.2824      0.176      1.605      0.108      -0.062       0.627
ar.L5         -0.2049      0.190     -1.078      0.281      -0.577       0.167
ar.L6          0.0448      0.152      0.295      0.768      -0.253       0.343
ar.L7          0.0062      0.153      0.040      0.968      -0.294       0.307
ar.L8          0.1372      0.118      1.159      0.247      -0.095       0.369
ma.L1         -0.5269      0.167     -3.164      0.002      -0.853      -0.201
sigma2       214.3715     15.216     14.088      0.000     184.548     244.195
===================================================================================
Ljung-Box (L1) (Q):                   0.01   Jarque-Bera (JB):                73.84
Prob(Q):                              0.92   Prob(JB):                         0.00
Heteroskedasticity (H):               0.98   Skew:                             0.67
Prob(H) (two-sided):                  0.94   Kurtosis:                         5.24
===================================================================================

Warnings:
[1] Covariance matrix calculated using the outer product of gradients (complex-step).
AIC = 2159.5481333273156
RMSE = 34.74583520438772

m = 9
                               SARIMAX Results                                
==============================================================================
Dep. Variable:                  value   No. Observations:                  260
Model:               SARIMAX(9, 0, 1)   Log Likelihood               -1069.488
Date:                Fri, 10 May 2024   AIC                           2160.975
Time:                        00:30:45   BIC                           2200.143
Sample:                             0   HQIC                          2176.721
                                - 260                                         
Covariance Type:                  opg                                         
==============================================================================
                 coef    std err          z      P>|z|      [0.025      0.975]
------------------------------------------------------------------------------
ar.L1          1.5212      0.302      5.034      0.000       0.929       2.113
ar.L2         -0.8180      0.391     -2.090      0.037      -1.585      -0.051
ar.L3         -0.0190      0.181     -0.105      0.917      -0.374       0.336
ar.L4          0.2568      0.158      1.625      0.104      -0.053       0.566
ar.L5         -0.1779      0.166     -1.074      0.283      -0.503       0.147
ar.L6          0.0329      0.133      0.248      0.804      -0.227       0.293
ar.L7          0.0353      0.144      0.245      0.806      -0.247       0.317
ar.L8          0.0552      0.115      0.481      0.630      -0.169       0.280
ar.L9          0.1059      0.097      1.091      0.275      -0.084       0.296
ma.L1         -0.3100      0.300     -1.032      0.302      -0.899       0.279
sigma2       213.8805     15.193     14.077      0.000     184.102     243.659
===================================================================================
Ljung-Box (L1) (Q):                   0.00   Jarque-Bera (JB):                69.91
Prob(Q):                              0.98   Prob(JB):                         0.00
Heteroskedasticity (H):               0.96   Skew:                             0.66
Prob(H) (two-sided):                  0.86   Kurtosis:                         5.17
===================================================================================

Warnings:
[1] Covariance matrix calculated using the outer product of gradients (complex-step).
AIC = 2160.975043997906
RMSE = 35.07154018687283

m = 10
                               SARIMAX Results                                
==============================================================================
Dep. Variable:                  value   No. Observations:                  260
Model:              SARIMAX(10, 0, 1)   Log Likelihood               -1069.742
Date:                Fri, 10 May 2024   AIC                           2163.485
Time:                        00:30:58   BIC                           2206.213
Sample:                             0   HQIC                          2180.662
                                - 260                                         
Covariance Type:                  opg                                         
==============================================================================
                 coef    std err          z      P>|z|      [0.025      0.975]
------------------------------------------------------------------------------
ar.L1          0.6806    115.386      0.006      0.995    -225.473     226.834
ar.L2          0.2225    140.976      0.002      0.999    -276.085     276.530
ar.L3         -0.3895     50.614     -0.008      0.994     -99.591      98.812
ar.L4          0.1289     17.538      0.007      0.994     -34.246      34.503
ar.L5         -0.0077     24.352     -0.000      1.000     -47.737      47.722
ar.L6         -0.0557     14.060     -0.004      0.997     -27.614      27.502
ar.L7          0.0351      1.194      0.029      0.977      -2.306       2.376
ar.L8          0.0501      3.366      0.015      0.988      -6.546       6.647
ar.L9          0.2116      3.964      0.053      0.957      -7.557       7.980
ar.L10         0.1052     22.331      0.005      0.996     -43.663      43.873
ma.L1          0.5411    115.389      0.005      0.996    -225.618     226.700
sigma2       214.3055     15.378     13.936      0.000     184.165     244.446
===================================================================================
Ljung-Box (L1) (Q):                   0.02   Jarque-Bera (JB):                60.91
Prob(Q):                              0.89   Prob(JB):                         0.00
Heteroskedasticity (H):               0.97   Skew:                             0.62
Prob(H) (two-sided):                  0.87   Kurtosis:                         5.02
===================================================================================

Warnings:
[1] Covariance matrix calculated using the outer product of gradients (complex-step).
AIC = 2163.4846672519498
RMSE = 36.69086010324022

m = 11
                               SARIMAX Results                                
==============================================================================
Dep. Variable:                  value   No. Observations:                  260
Model:              SARIMAX(11, 0, 1)   Log Likelihood               -1069.163
Date:                Fri, 10 May 2024   AIC                           2164.326
Time:                        00:31:11   BIC                           2210.615
Sample:                             0   HQIC                          2182.935
                                - 260                                         
Covariance Type:                  opg                                         
==============================================================================
                 coef    std err          z      P>|z|      [0.025      0.975]
------------------------------------------------------------------------------
ar.L1          1.0013      1.137      0.881      0.378      -1.227       3.229
ar.L2         -0.1900      1.394     -0.136      0.892      -2.923       2.543
ar.L3         -0.2486      0.505     -0.493      0.622      -1.238       0.741
ar.L4          0.1769      0.213      0.830      0.406      -0.241       0.595
ar.L5         -0.0760      0.273     -0.278      0.781      -0.611       0.459
ar.L6         -0.0133      0.185     -0.072      0.943      -0.375       0.349
ar.L7          0.0218      0.113      0.193      0.847      -0.199       0.243
ar.L8          0.0650      0.092      0.708      0.479      -0.115       0.245
ar.L9          0.1913      0.109      1.763      0.078      -0.021       0.404
ar.L10        -0.0102      0.200     -0.051      0.960      -0.402       0.382
ar.L11         0.0683      0.072      0.949      0.343      -0.073       0.210
ma.L1          0.2138      1.139      0.188      0.851      -2.018       2.445
sigma2       213.3103     15.589     13.684      0.000     182.757     243.864
===================================================================================
Ljung-Box (L1) (Q):                   0.00   Jarque-Bera (JB):                71.59
Prob(Q):                              0.97   Prob(JB):                         0.00
Heteroskedasticity (H):               1.01   Skew:                             0.67
Prob(H) (two-sided):                  0.98   Kurtosis:                         5.19
===================================================================================

Warnings:
[1] Covariance matrix calculated using the outer product of gradients (complex-step).
AIC = 2164.3259315970345
RMSE = 34.91495236279864

m = 12
                               SARIMAX Results                                
==============================================================================
Dep. Variable:                  value   No. Observations:                  260
Model:              SARIMAX(12, 0, 1)   Log Likelihood               -1069.194
Date:                Fri, 10 May 2024   AIC                           2166.389
Time:                        00:31:25   BIC                           2216.238
Sample:                             0   HQIC                          2186.429
                                - 260                                         
Covariance Type:                  opg                                         
==============================================================================
                 coef    std err          z      P>|z|      [0.025      0.975]
------------------------------------------------------------------------------
ar.L1          0.6643     34.306      0.019      0.985     -66.575      67.903
ar.L2          0.2191     41.655      0.005      0.996     -81.423      81.861
ar.L3         -0.4021     15.389     -0.026      0.979     -30.563      29.759
ar.L4          0.1237      5.312      0.023      0.981     -10.287      10.535
ar.L5         -0.0051      7.172     -0.001      0.999     -14.061      14.051
ar.L6         -0.0547      4.132     -0.013      0.989      -8.153       8.043
ar.L7          0.0278      0.411      0.068      0.946      -0.777       0.833
ar.L8          0.0691      0.737      0.094      0.925      -1.376       1.515
ar.L9          0.2123      1.977      0.107      0.914      -3.662       4.086
ar.L10         0.0583      6.186      0.009      0.992     -12.066      12.183
ar.L11         0.0358      1.408      0.025      0.980      -2.723       2.794
ar.L12         0.0347      2.051      0.017      0.986      -3.985       4.054
ma.L1          0.5499     34.308      0.016      0.987     -66.692      67.792
sigma2       213.3412     15.616     13.661      0.000     182.734     243.948
===================================================================================
Ljung-Box (L1) (Q):                   0.00   Jarque-Bera (JB):                69.85
Prob(Q):                              0.97   Prob(JB):                         0.00
Heteroskedasticity (H):               1.00   Skew:                             0.66
Prob(H) (two-sided):                  1.00   Kurtosis:                         5.16
===================================================================================

Warnings:
[1] Covariance matrix calculated using the outer product of gradients (complex-step).
AIC = 2166.388752990033
RMSE = 34.79002576162255

m = 13
                               SARIMAX Results                                
==============================================================================
Dep. Variable:                  value   No. Observations:                  260
Model:              SARIMAX(13, 0, 1)   Log Likelihood               -1069.043
Date:                Fri, 10 May 2024   AIC                           2168.086
Time:                        00:31:39   BIC                           2221.496
Sample:                             0   HQIC                          2189.557
                                - 260                                         
Covariance Type:                  opg                                         
==============================================================================
                 coef    std err          z      P>|z|      [0.025      0.975]
------------------------------------------------------------------------------
ar.L1          0.4985      1.248      0.399      0.690      -1.948       2.945
ar.L2          0.4230      1.522      0.278      0.781      -2.560       3.406
ar.L3         -0.4759      0.583     -0.816      0.415      -1.619       0.668
ar.L4          0.1045      0.213      0.491      0.623      -0.313       0.522
ar.L5          0.0326      0.278      0.117      0.907      -0.513       0.578
ar.L6         -0.0749      0.190     -0.393      0.694      -0.448       0.298
ar.L7          0.0294      0.107      0.274      0.784      -0.181       0.239
ar.L8          0.0718      0.093      0.771      0.441      -0.111       0.254
ar.L9          0.2261      0.126      1.788      0.074      -0.022       0.474
ar.L10         0.0766      0.239      0.321      0.748      -0.392       0.545
ar.L11         0.0325      0.095      0.341      0.733      -0.155       0.220
ar.L12         0.0706      0.110      0.641      0.521      -0.145       0.286
ar.L13        -0.0340      0.084     -0.404      0.686      -0.199       0.131
ma.L1          0.7170      1.247      0.575      0.565      -1.728       3.162
sigma2       213.1250     15.659     13.610      0.000     182.434     243.816
===================================================================================
Ljung-Box (L1) (Q):                   0.00   Jarque-Bera (JB):                71.99
Prob(Q):                              0.99   Prob(JB):                         0.00
Heteroskedasticity (H):               1.01   Skew:                             0.66
Prob(H) (two-sided):                  0.98   Kurtosis:                         5.21
===================================================================================

Warnings:
[1] Covariance matrix calculated using the outer product of gradients (complex-step).
AIC = 2168.0858602707713
RMSE = 35.03475507305782

m = 14
                               SARIMAX Results                                
==============================================================================
Dep. Variable:                  value   No. Observations:                  260
Model:              SARIMAX(14, 0, 1)   Log Likelihood               -1067.784
Date:                Fri, 10 May 2024   AIC                           2167.568
Time:                        00:31:52   BIC                           2224.539
Sample:                             0   HQIC                          2190.471
                                - 260                                         
Covariance Type:                  opg                                         
==============================================================================
                 coef    std err          z      P>|z|      [0.025      0.975]
------------------------------------------------------------------------------
ar.L1          0.8486      0.846      1.003      0.316      -0.809       2.506
ar.L2         -0.0036      1.035     -0.003      0.997      -2.032       2.024
ar.L3         -0.3257      0.399     -0.816      0.415      -1.108       0.457
ar.L4          0.1535      0.168      0.915      0.360      -0.175       0.482
ar.L5         -0.0605      0.211     -0.287      0.774      -0.474       0.353
ar.L6         -0.0425      0.144     -0.295      0.768      -0.325       0.240
ar.L7          0.0252      0.110      0.229      0.819      -0.190       0.241
ar.L8          0.0673      0.080      0.843      0.399      -0.089       0.224
ar.L9          0.2062      0.121      1.698      0.090      -0.032       0.444
ar.L10         0.0021      0.173      0.012      0.991      -0.337       0.341
ar.L11         0.0870      0.112      0.779      0.436      -0.132       0.306
ar.L12         0.0296      0.138      0.215      0.830      -0.241       0.300
ar.L13        -0.1104      0.112     -0.986      0.324      -0.330       0.109
ar.L14         0.1100      0.086      1.272      0.203      -0.059       0.279
ma.L1          0.3674      0.841      0.437      0.662      -1.282       2.017
sigma2       210.9329     15.669     13.462      0.000     180.222     241.644
===================================================================================
Ljung-Box (L1) (Q):                   0.00   Jarque-Bera (JB):                80.12
Prob(Q):                              0.99   Prob(JB):                         0.00
Heteroskedasticity (H):               1.02   Skew:                             0.69
Prob(H) (two-sided):                  0.92   Kurtosis:                         5.34
===================================================================================

Warnings:
[1] Covariance matrix calculated using the outer product of gradients (complex-step).
AIC = 2167.56783213322
RMSE = 35.67584759633105

m = 15
                               SARIMAX Results                                
==============================================================================
Dep. Variable:                  value   No. Observations:                  260
Model:              SARIMAX(15, 0, 1)   Log Likelihood               -1066.613
Date:                Fri, 10 May 2024   AIC                           2167.227
Time:                        00:32:04   BIC                           2227.758
Sample:                             0   HQIC                          2191.561
                                - 260                                         
Covariance Type:                  opg                                         
==============================================================================
                 coef    std err          z      P>|z|      [0.025      0.975]
------------------------------------------------------------------------------
ar.L1          1.8582      0.502      3.699      0.000       0.874       2.843
ar.L2         -1.2275      0.621     -1.978      0.048      -2.444      -0.011
ar.L3          0.1217      0.257      0.474      0.635      -0.382       0.625
ar.L4          0.3187      0.218      1.462      0.144      -0.109       0.746
ar.L5         -0.2649      0.260     -1.017      0.309      -0.775       0.246
ar.L6          0.0922      0.212      0.436      0.663      -0.322       0.507
ar.L7          0.0337      0.183      0.184      0.854      -0.325       0.392
ar.L8          0.0454      0.157      0.290      0.772      -0.262       0.353
ar.L9          0.1421      0.143      0.995      0.320      -0.138       0.422
ar.L10        -0.1790      0.187     -0.957      0.339      -0.546       0.188
ar.L11         0.1483      0.184      0.805      0.421      -0.213       0.509
ar.L12        -0.0792      0.207     -0.382      0.703      -0.485       0.327
ar.L13        -0.1202      0.214     -0.561      0.575      -0.540       0.300
ar.L14         0.2532      0.187      1.354      0.176      -0.113       0.620
ar.L15        -0.1474      0.094     -1.574      0.116      -0.331       0.036
ma.L1         -0.6424      0.503     -1.277      0.202      -1.628       0.344
sigma2       211.0087     15.875     13.292      0.000     179.894     242.124
===================================================================================
Ljung-Box (L1) (Q):                   0.03   Jarque-Bera (JB):                71.28
Prob(Q):                              0.87   Prob(JB):                         0.00
Heteroskedasticity (H):               1.03   Skew:                             0.62
Prob(H) (two-sided):                  0.90   Kurtosis:                         5.25
===================================================================================

Warnings:
[1] Covariance matrix calculated using the outer product of gradients (complex-step).
AIC = 2167.226527410532
RMSE = 35.20010856306133
