m = 1
                               SARIMAX Results                                
==============================================================================
Dep. Variable:                      y   No. Observations:                 4500
Model:               SARIMAX(1, 0, 1)   Log Likelihood                7227.945
Date:                Sun, 02 Jun 2024   AIC                         -14449.890
Time:                        17:05:49   BIC                         -14430.655
Sample:                             0   HQIC                        -14443.112
                               - 4500                                         
Covariance Type:                  opg                                         
==============================================================================
                 coef    std err          z      P>|z|      [0.025      0.975]
------------------------------------------------------------------------------
ar.L1          0.9999      0.000   4727.283      0.000       0.999       1.000
ma.L1          0.5775      0.003    193.772      0.000       0.572       0.583
sigma2         0.0024   8.65e-06    271.911      0.000       0.002       0.002
===================================================================================
Ljung-Box (L1) (Q):                  14.67   Jarque-Bera (JB):            771952.02
Prob(Q):                              0.00   Prob(JB):                         0.00
Heteroskedasticity (H):               0.97   Skew:                             0.77
Prob(H) (two-sided):                  0.61   Kurtosis:                        67.15
===================================================================================

Warnings:
[1] Covariance matrix calculated using the outer product of gradients (complex-step).
AIC = -14449.890227157282
RMSE = 0.30636673992541347

m = 2
                               SARIMAX Results                                
==============================================================================
Dep. Variable:                      y   No. Observations:                 4500
Model:               SARIMAX(2, 0, 1)   Log Likelihood                7243.915
Date:                Sun, 02 Jun 2024   AIC                         -14479.830
Time:                        17:05:51   BIC                         -14454.182
Sample:                             0   HQIC                        -14470.793
                               - 4500                                         
Covariance Type:                  opg                                         
==============================================================================
                 coef    std err          z      P>|z|      [0.025      0.975]
------------------------------------------------------------------------------
ar.L1          1.1225      0.008    146.409      0.000       1.107       1.138
ar.L2         -0.1227      0.008    -15.818      0.000      -0.138      -0.108
ma.L1          0.5122      0.007     76.911      0.000       0.499       0.525
sigma2         0.0023   8.54e-06    273.461      0.000       0.002       0.002
===================================================================================
Ljung-Box (L1) (Q):                   1.19   Jarque-Bera (JB):            796282.58
Prob(Q):                              0.28   Prob(JB):                         0.00
Heteroskedasticity (H):               0.95   Skew:                             0.44
Prob(H) (two-sided):                  0.32   Kurtosis:                        68.16
===================================================================================

Warnings:
[1] Covariance matrix calculated using the outer product of gradients (complex-step).
AIC = -14479.829733527968
RMSE = 0.47439350530096674

m = 3
                               SARIMAX Results                                
==============================================================================
Dep. Variable:                      y   No. Observations:                 4500
Model:               SARIMAX(3, 0, 1)   Log Likelihood                7386.744
Date:                Sun, 02 Jun 2024   AIC                         -14763.489
Time:                        17:05:53   BIC                         -14731.430
Sample:                             0   HQIC                        -14752.192
                               - 4500                                         
Covariance Type:                  opg                                         
==============================================================================
                 coef    std err          z      P>|z|      [0.025      0.975]
------------------------------------------------------------------------------
ar.L1          1.5534      0.014    111.393      0.000       1.526       1.581
ar.L2         -0.9413      0.021    -44.581      0.000      -0.983      -0.900
ar.L3          0.3877      0.008     49.099      0.000       0.372       0.403
ma.L1          0.0831      0.014      5.780      0.000       0.055       0.111
sigma2         0.0022   9.56e-06    229.367      0.000       0.002       0.002
===================================================================================
Ljung-Box (L1) (Q):                   0.00   Jarque-Bera (JB):            772835.42
Prob(Q):                              0.96   Prob(JB):                         0.00
Heteroskedasticity (H):               0.96   Skew:                             2.13
Prob(H) (two-sided):                  0.37   Kurtosis:                        67.06
===================================================================================

Warnings:
[1] Covariance matrix calculated using the outer product of gradients (complex-step).
AIC = -14763.488762445959
RMSE = 0.348057276578384

m = 4
                               SARIMAX Results                                
==============================================================================
Dep. Variable:                      y   No. Observations:                 4500
Model:               SARIMAX(4, 0, 1)   Log Likelihood                7385.864
Date:                Sun, 02 Jun 2024   AIC                         -14759.728
Time:                        17:05:56   BIC                         -14721.257
Sample:                             0   HQIC                        -14746.173
                               - 4500                                         
Covariance Type:                  opg                                         
==============================================================================
                 coef    std err          z      P>|z|      [0.025      0.975]
------------------------------------------------------------------------------
ar.L1          0.7395      0.117      6.347      0.000       0.511       0.968
ar.L2          0.3967      0.188      2.108      0.035       0.028       0.765
ar.L3         -0.5160      0.119     -4.338      0.000      -0.749      -0.283
ar.L4          0.3797      0.047      8.003      0.000       0.287       0.473
ma.L1          0.8773      0.117      7.490      0.000       0.648       1.107
sigma2         0.0022   9.42e-06    232.583      0.000       0.002       0.002
===================================================================================
Ljung-Box (L1) (Q):                   2.28   Jarque-Bera (JB):            729061.12
Prob(Q):                              0.13   Prob(JB):                         0.00
Heteroskedasticity (H):               0.95   Skew:                             2.30
Prob(H) (two-sided):                  0.32   Kurtosis:                        65.19
===================================================================================

Warnings:
[1] Covariance matrix calculated using the outer product of gradients (complex-step).
AIC = -14759.72826944337
RMSE = 0.22689145730562996

m = 5
                               SARIMAX Results                                
==============================================================================
Dep. Variable:                      y   No. Observations:                 4500
Model:               SARIMAX(5, 0, 1)   Log Likelihood                7395.843
Date:                Sun, 02 Jun 2024   AIC                         -14777.686
Time:                        17:05:58   BIC                         -14732.804
Sample:                             0   HQIC                        -14761.871
                               - 4500                                         
Covariance Type:                  opg                                         
==============================================================================
                 coef    std err          z      P>|z|      [0.025      0.975]
------------------------------------------------------------------------------
ar.L1          0.8772      0.127      6.901      0.000       0.628       1.126
ar.L2          0.1833      0.207      0.886      0.376      -0.222       0.589
ar.L3         -0.3828      0.134     -2.862      0.004      -0.645      -0.121
ar.L4          0.3910      0.056      7.036      0.000       0.282       0.500
ar.L5         -0.0688      0.010     -7.058      0.000      -0.088      -0.050
ma.L1          0.7616      0.127      6.015      0.000       0.513       1.010
sigma2         0.0022   1.02e-05    213.892      0.000       0.002       0.002
===================================================================================
Ljung-Box (L1) (Q):                   0.05   Jarque-Bera (JB):            767690.08
Prob(Q):                              0.83   Prob(JB):                         0.00
Heteroskedasticity (H):               0.95   Skew:                             2.04
Prob(H) (two-sided):                  0.28   Kurtosis:                        66.86
===================================================================================

Warnings:
[1] Covariance matrix calculated using the outer product of gradients (complex-step).
AIC = -14777.686445355737
RMSE = 0.2558674821648882

m = 6
                               SARIMAX Results                                
==============================================================================
Dep. Variable:                      y   No. Observations:                 4500
Model:               SARIMAX(6, 0, 1)   Log Likelihood                7410.015
Date:                Sun, 02 Jun 2024   AIC                         -14804.029
Time:                        17:06:02   BIC                         -14752.735
Sample:                             0   HQIC                        -14785.955
                               - 4500                                         
Covariance Type:                  opg                                         
==============================================================================
                 coef    std err          z      P>|z|      [0.025      0.975]
------------------------------------------------------------------------------
ar.L1          1.4233      0.203      7.018      0.000       1.026       1.821
ar.L2         -0.7211      0.333     -2.166      0.030      -1.374      -0.068
ar.L3          0.1941      0.220      0.883      0.377      -0.237       0.625
ar.L4          0.1808      0.091      1.991      0.046       0.003       0.359
ar.L5         -0.1736      0.022     -7.883      0.000      -0.217      -0.130
ar.L6          0.0964      0.014      6.697      0.000       0.068       0.125
ma.L1          0.2170      0.203      1.070      0.285      -0.181       0.614
sigma2         0.0022   9.49e-06    228.515      0.000       0.002       0.002
===================================================================================
Ljung-Box (L1) (Q):                   0.00   Jarque-Bera (JB):            776258.95
Prob(Q):                              0.99   Prob(JB):                         0.00
Heteroskedasticity (H):               0.94   Skew:                             2.31
Prob(H) (two-sided):                  0.27   Kurtosis:                        67.18
===================================================================================

Warnings:
[1] Covariance matrix calculated using the outer product of gradients (complex-step).
AIC = -14804.029309257656
RMSE = 0.3045817646148153

m = 7
                               SARIMAX Results                                
==============================================================================
Dep. Variable:                      y   No. Observations:                 4500
Model:               SARIMAX(7, 0, 1)   Log Likelihood                7409.646
Date:                Sun, 02 Jun 2024   AIC                         -14801.292
Time:                        17:06:05   BIC                         -14743.586
Sample:                             0   HQIC                        -14780.959
                               - 4500                                         
Covariance Type:                  opg                                         
==============================================================================
                 coef    std err          z      P>|z|      [0.025      0.975]
------------------------------------------------------------------------------
ar.L1          0.8863      0.673      1.316      0.188      -0.434       2.206
ar.L2          0.1590      1.104      0.144      0.885      -2.004       2.322
ar.L3         -0.3820      0.723     -0.528      0.597      -1.799       1.035
ar.L4          0.4034      0.286      1.412      0.158      -0.157       0.963
ar.L5         -0.1181      0.063     -1.867      0.062      -0.242       0.006
ar.L6         -0.0130      0.131     -0.099      0.921      -0.270       0.244
ar.L7          0.0643      0.078      0.827      0.408      -0.088       0.216
ma.L1          0.7528      0.673      1.118      0.264      -0.567       2.073
sigma2         0.0022   1.02e-05    212.709      0.000       0.002       0.002
===================================================================================
Ljung-Box (L1) (Q):                   0.01   Jarque-Bera (JB):            775263.65
Prob(Q):                              0.93   Prob(JB):                         0.00
Heteroskedasticity (H):               0.94   Skew:                             2.32
Prob(H) (two-sided):                  0.27   Kurtosis:                        67.13
===================================================================================

Warnings:
[1] Covariance matrix calculated using the outer product of gradients (complex-step).
AIC = -14801.292210811553
RMSE = 0.24073943706134482

m = 8
                               SARIMAX Results                                
==============================================================================
Dep. Variable:                      y   No. Observations:                 4500
Model:               SARIMAX(8, 0, 1)   Log Likelihood                7410.277
Date:                Sun, 02 Jun 2024   AIC                         -14800.554
Time:                        17:06:07   BIC                         -14736.435
Sample:                             0   HQIC                        -14777.961
                               - 4500                                         
Covariance Type:                  opg                                         
==============================================================================
                 coef    std err          z      P>|z|      [0.025      0.975]
------------------------------------------------------------------------------
ar.L1          0.8883     28.341      0.031      0.975     -54.659      56.436
ar.L2          0.1577     46.515      0.003      0.997     -91.010      91.326
ar.L3         -0.3840     30.553     -0.013      0.990     -60.266      59.498
ar.L4          0.4109     12.122      0.034      0.973     -23.349      24.170
ar.L5         -0.1252      2.517     -0.050      0.960      -5.058       4.807
ar.L6         -0.0105      5.439     -0.002      0.998     -10.671      10.650
ar.L7          0.0795      3.793      0.021      0.983      -7.354       7.513
ar.L8         -0.0168      0.616     -0.027      0.978      -1.225       1.191
ma.L1          0.7529     28.339      0.027      0.979     -54.791      56.297
sigma2         0.0022   1.13e-05    191.213      0.000       0.002       0.002
===================================================================================
Ljung-Box (L1) (Q):                   0.00   Jarque-Bera (JB):            777123.24
Prob(Q):                              0.95   Prob(JB):                         0.00
Heteroskedasticity (H):               0.94   Skew:                             2.30
Prob(H) (two-sided):                  0.27   Kurtosis:                        67.22
===================================================================================

Warnings:
[1] Covariance matrix calculated using the outer product of gradients (complex-step).
AIC = -14800.553697422254
RMSE = 0.24368541592475262

m = 9
                               SARIMAX Results                                
==============================================================================
Dep. Variable:                      y   No. Observations:                 4500
Model:               SARIMAX(9, 0, 1)   Log Likelihood                7410.280
Date:                Sun, 02 Jun 2024   AIC                         -14798.560
Time:                        17:06:12   BIC                         -14728.030
Sample:                             0   HQIC                        -14773.708
                               - 4500                                         
Covariance Type:                  opg                                         
==============================================================================
                 coef    std err          z      P>|z|      [0.025      0.975]
------------------------------------------------------------------------------
ar.L1          0.8874     87.828      0.010      0.992    -171.252     173.027
ar.L2          0.1586    144.061      0.001      0.999    -282.196     282.513
ar.L3         -0.3839     94.525     -0.004      0.997    -185.650     184.882
ar.L4          0.4102     37.441      0.011      0.991     -72.973      73.793
ar.L5         -0.1244      7.842     -0.016      0.987     -15.494      15.245
ar.L6         -0.0106     16.828     -0.001      0.999     -32.993      32.972
ar.L7          0.0793     11.750      0.007      0.995     -22.950      23.108
ar.L8         -0.0164      1.887     -0.009      0.993      -3.714       3.681
ar.L9         -0.0004      0.042     -0.011      0.991      -0.083       0.082
ma.L1          0.7528     87.831      0.009      0.993    -171.392     172.897
sigma2         0.0022   1.28e-05    169.995      0.000       0.002       0.002
===================================================================================
Ljung-Box (L1) (Q):                   0.00   Jarque-Bera (JB):            776617.70
Prob(Q):                              0.99   Prob(JB):                         0.00
Heteroskedasticity (H):               0.94   Skew:                             2.30
Prob(H) (two-sided):                  0.27   Kurtosis:                        67.19
===================================================================================

Warnings:
[1] Covariance matrix calculated using the outer product of gradients (complex-step).
[2] Covariance matrix is singular or near-singular, with condition number 7.46e+14. Standard errors may be unstable.
AIC = -14798.55983943713
RMSE = 0.2437316690482271

m = 10
                               SARIMAX Results                                
==============================================================================
Dep. Variable:                      y   No. Observations:                 4500
Model:              SARIMAX(10, 0, 1)   Log Likelihood                7410.280
Date:                Sun, 02 Jun 2024   AIC                         -14796.560
Time:                        17:06:17   BIC                         -14719.618
Sample:                             0   HQIC                        -14769.449
                               - 4500                                         
Covariance Type:                  opg                                         
==============================================================================
                 coef    std err          z      P>|z|      [0.025      0.975]
------------------------------------------------------------------------------
ar.L1          0.8868     43.942      0.020      0.984     -85.238      87.011
ar.L2          0.1596     72.078      0.002      0.998    -141.110     141.429
ar.L3         -0.3846     47.296     -0.008      0.994     -93.083      92.314
ar.L4          0.4105     18.736      0.022      0.983     -36.312      37.133
ar.L5         -0.1243      3.919     -0.032      0.975      -7.806       7.557
ar.L6         -0.0107      8.418     -0.001      0.999     -16.509      16.488
ar.L7          0.0794      5.880      0.014      0.989     -11.445      11.604
ar.L8         -0.0164      0.951     -0.017      0.986      -1.880       1.848
ar.L9         -0.0006      0.040     -0.014      0.989      -0.078       0.077
ar.L10         0.0001      0.033      0.004      0.997      -0.065       0.065
ma.L1          0.7534     43.943      0.017      0.986     -85.372      86.879
sigma2         0.0022   1.03e-05    210.131      0.000       0.002       0.002
===================================================================================
Ljung-Box (L1) (Q):                   0.00   Jarque-Bera (JB):            776633.40
Prob(Q):                              0.99   Prob(JB):                         0.00
Heteroskedasticity (H):               0.94   Skew:                             2.30
Prob(H) (two-sided):                  0.27   Kurtosis:                        67.19
===================================================================================

Warnings:
[1] Covariance matrix calculated using the outer product of gradients (complex-step).
AIC = -14796.559883984304
RMSE = 0.24357089030813067

m = 11
                               SARIMAX Results                                
==============================================================================
Dep. Variable:                      y   No. Observations:                 4500
Model:              SARIMAX(11, 0, 1)   Log Likelihood                7410.694
Date:                Sun, 02 Jun 2024   AIC                         -14795.388
Time:                        17:06:23   BIC                         -14712.035
Sample:                             0   HQIC                        -14766.018
                               - 4500                                         
Covariance Type:                  opg                                         
==============================================================================
                 coef    std err          z      P>|z|      [0.025      0.975]
------------------------------------------------------------------------------
ar.L1          0.8878      0.920      0.965      0.335      -0.915       2.691
ar.L2          0.1581      1.509      0.105      0.917      -2.799       3.116
ar.L3         -0.3834      0.989     -0.388      0.698      -2.322       1.555
ar.L4          0.4090      0.391      1.046      0.295      -0.357       1.175
ar.L5         -0.1243      0.085     -1.463      0.144      -0.291       0.042
ar.L6         -0.0088      0.179     -0.049      0.961      -0.361       0.343
ar.L7          0.0738      0.129      0.573      0.566      -0.178       0.326
ar.L8         -0.0112      0.048     -0.234      0.815      -0.105       0.082
ar.L9         -0.0027      0.041     -0.065      0.948      -0.083       0.078
ar.L10        -0.0120      0.046     -0.260      0.795      -0.102       0.078
ar.L11         0.0136      0.033      0.407      0.684      -0.052       0.079
ma.L1          0.7525      0.920      0.818      0.413      -1.050       2.555
sigma2         0.0022   1.03e-05    210.741      0.000       0.002       0.002
===================================================================================
Ljung-Box (L1) (Q):                   0.00   Jarque-Bera (JB):            777191.01
Prob(Q):                              0.99   Prob(JB):                         0.00
Heteroskedasticity (H):               0.95   Skew:                             2.31
Prob(H) (two-sided):                  0.28   Kurtosis:                        67.22
===================================================================================

Warnings:
[1] Covariance matrix calculated using the outer product of gradients (complex-step).
AIC = -14795.388341954003
RMSE = 0.24002353208324986

m = 12
                               SARIMAX Results                                
==============================================================================
Dep. Variable:                      y   No. Observations:                 4500
Model:              SARIMAX(12, 0, 1)   Log Likelihood                7412.070
Date:                Sun, 02 Jun 2024   AIC                         -14796.139
Time:                        17:06:29   BIC                         -14706.373
Sample:                             0   HQIC                        -14764.509
                               - 4500                                         
Covariance Type:                  opg                                         
==============================================================================
                 coef    std err          z      P>|z|      [0.025      0.975]
------------------------------------------------------------------------------
ar.L1          0.8874      0.766      1.158      0.247      -0.614       2.389
ar.L2          0.1584      1.256      0.126      0.900      -2.304       2.621
ar.L3         -0.3832      0.824     -0.465      0.642      -1.999       1.232
ar.L4          0.4093      0.327      1.251      0.211      -0.232       1.051
ar.L5         -0.1262      0.070     -1.797      0.072      -0.264       0.011
ar.L6         -0.0087      0.149     -0.058      0.954      -0.301       0.284
ar.L7          0.0769      0.109      0.708      0.479      -0.136       0.290
ar.L8         -0.0213      0.050     -0.428      0.668      -0.119       0.076
ar.L9          0.0067      0.044      0.151      0.880      -0.080       0.094
ar.L10        -0.0157      0.048     -0.326      0.745      -0.111       0.079
ar.L11        -0.0084      0.038     -0.221      0.825      -0.083       0.066
ar.L12         0.0247      0.030      0.828      0.408      -0.034       0.083
ma.L1          0.7524      0.766      0.982      0.326      -0.750       2.255
sigma2         0.0022   1.03e-05    210.814      0.000       0.002       0.002
===================================================================================
Ljung-Box (L1) (Q):                   0.00   Jarque-Bera (JB):            778475.97
Prob(Q):                              0.98   Prob(JB):                         0.00
Heteroskedasticity (H):               0.94   Skew:                             2.31
Prob(H) (two-sided):                  0.26   Kurtosis:                        67.27
===================================================================================

Warnings:
[1] Covariance matrix calculated using the outer product of gradients (complex-step).
AIC = -14796.139017479269
RMSE = 0.2342931173084348

m = 13
                               SARIMAX Results                                
==============================================================================
Dep. Variable:                      y   No. Observations:                 4500
Model:              SARIMAX(13, 0, 1)   Log Likelihood                7412.256
Date:                Sun, 02 Jun 2024   AIC                         -14794.512
Time:                        17:06:36   BIC                         -14698.334
Sample:                             0   HQIC                        -14760.623
                               - 4500                                         
Covariance Type:                  opg                                         
==============================================================================
                 coef    std err          z      P>|z|      [0.025      0.975]
------------------------------------------------------------------------------
ar.L1          0.8877      0.556      1.596      0.110      -0.202       1.978
ar.L2          0.1583      0.912      0.174      0.862      -1.629       1.946
ar.L3         -0.3834      0.599     -0.640      0.522      -1.557       0.790
ar.L4          0.4092      0.238      1.721      0.085      -0.057       0.875
ar.L5         -0.1262      0.053     -2.373      0.018      -0.231      -0.022
ar.L6         -0.0079      0.111     -0.071      0.944      -0.226       0.210
ar.L7          0.0767      0.083      0.921      0.357      -0.087       0.240
ar.L8         -0.0223      0.047     -0.478      0.632      -0.114       0.069
ar.L9          0.0105      0.045      0.234      0.815      -0.077       0.098
ar.L10        -0.0194      0.049     -0.394      0.694      -0.116       0.077
ar.L11        -0.0068      0.041     -0.164      0.870      -0.088       0.074
ar.L12         0.0327      0.038      0.862      0.389      -0.042       0.107
ar.L13        -0.0090      0.035     -0.262      0.793      -0.077       0.059
ma.L1          0.7524      0.556      1.353      0.176      -0.338       1.843
sigma2         0.0022   1.03e-05    209.855      0.000       0.002       0.002
===================================================================================
Ljung-Box (L1) (Q):                   0.00   Jarque-Bera (JB):            778718.92
Prob(Q):                              0.99   Prob(JB):                         0.00
Heteroskedasticity (H):               0.94   Skew:                             2.31
Prob(H) (two-sided):                  0.27   Kurtosis:                        67.28
===================================================================================

Warnings:
[1] Covariance matrix calculated using the outer product of gradients (complex-step).
AIC = -14794.511832018557
RMSE = 0.23645420948086027

m = 14
                               SARIMAX Results                                
==============================================================================
Dep. Variable:                      y   No. Observations:                 4500
Model:              SARIMAX(14, 0, 1)   Log Likelihood                7412.256
Date:                Sun, 02 Jun 2024   AIC                         -14792.513
Time:                        17:06:43   BIC                         -14689.924
Sample:                             0   HQIC                        -14756.364
                               - 4500                                         
Covariance Type:                  opg                                         
==============================================================================
                 coef    std err          z      P>|z|      [0.025      0.975]
------------------------------------------------------------------------------
ar.L1          0.8871      0.751      1.181      0.238      -0.585       2.359
ar.L2          0.1593      1.232      0.129      0.897      -2.256       2.575
ar.L3         -0.3841      0.809     -0.475      0.635      -1.969       1.201
ar.L4          0.4096      0.321      1.277      0.202      -0.219       1.038
ar.L5         -0.1262      0.070     -1.809      0.070      -0.263       0.011
ar.L6         -0.0080      0.148     -0.054      0.957      -0.299       0.283
ar.L7          0.0769      0.109      0.704      0.481      -0.137       0.291
ar.L8         -0.0225      0.049     -0.457      0.647      -0.119       0.074
ar.L9          0.0105      0.045      0.231      0.817      -0.078       0.099
ar.L10        -0.0191      0.052     -0.365      0.715      -0.121       0.083
ar.L11        -0.0072      0.044     -0.163      0.870      -0.093       0.079
ar.L12         0.0329      0.039      0.851      0.395      -0.043       0.109
ar.L13        -0.0085      0.049     -0.174      0.862      -0.104       0.087
ar.L14        -0.0007      0.036     -0.019      0.985      -0.071       0.070
ma.L1          0.7529      0.751      1.002      0.316      -0.720       2.226
sigma2         0.0022   1.03e-05    209.820      0.000       0.002       0.002
===================================================================================
Ljung-Box (L1) (Q):                   0.00   Jarque-Bera (JB):            778637.39
Prob(Q):                              0.99   Prob(JB):                         0.00
Heteroskedasticity (H):               0.94   Skew:                             2.31
Prob(H) (two-sided):                  0.27   Kurtosis:                        67.28
===================================================================================

Warnings:
[1] Covariance matrix calculated using the outer product of gradients (complex-step).
AIC = -14792.512950027372
RMSE = 0.2367561510130635

m = 15
                               SARIMAX Results                                
==============================================================================
Dep. Variable:                      y   No. Observations:                 4500
Model:              SARIMAX(15, 0, 1)   Log Likelihood                7412.552
Date:                Sun, 02 Jun 2024   AIC                         -14791.104
Time:                        17:06:51   BIC                         -14682.103
Sample:                             0   HQIC                        -14752.696
                               - 4500                                         
Covariance Type:                  opg                                         
==============================================================================
                 coef    std err          z      P>|z|      [0.025      0.975]
------------------------------------------------------------------------------
ar.L1          0.8861     16.306      0.054      0.957     -31.072      32.845
ar.L2          0.1607     26.736      0.006      0.995     -52.242      52.563
ar.L3         -0.3851     17.527     -0.022      0.982     -34.738      33.968
ar.L4          0.4097      6.930      0.059      0.953     -13.172      13.992
ar.L5         -0.1259      1.459     -0.086      0.931      -2.985       2.734
ar.L6         -0.0083      3.152     -0.003      0.998      -6.186       6.169
ar.L7          0.0773      2.241      0.034      0.972      -4.315       4.470
ar.L8         -0.0235      0.429     -0.055      0.956      -0.865       0.818
ar.L9          0.0104      0.076      0.137      0.891      -0.139       0.160
ar.L10        -0.0174      0.220     -0.079      0.937      -0.449       0.415
ar.L11        -0.0119      0.448     -0.027      0.979      -0.890       0.867
ar.L12         0.0372      0.153      0.242      0.809      -0.264       0.338
ar.L13        -0.0102      0.486     -0.021      0.983      -0.963       0.942
ar.L14        -0.0109      0.525     -0.021      0.983      -1.039       1.018
ar.L15         0.0115      0.231      0.050      0.960      -0.441       0.464
ma.L1          0.7536     16.304      0.046      0.963     -31.202      32.709
sigma2         0.0022   1.11e-05    194.626      0.000       0.002       0.002
===================================================================================
Ljung-Box (L1) (Q):                   0.00   Jarque-Bera (JB):            778919.42
Prob(Q):                              0.96   Prob(JB):                         0.00
Heteroskedasticity (H):               0.94   Skew:                             2.32
Prob(H) (two-sided):                  0.26   Kurtosis:                        67.29
===================================================================================

Warnings:
[1] Covariance matrix calculated using the outer product of gradients (complex-step).
AIC = -14791.104158057284
RMSE = 0.23354012997742069

