m = 1
                               SARIMAX Results                                
==============================================================================
Dep. Variable:                      y   No. Observations:                 4500
Model:               SARIMAX(1, 0, 1)   Log Likelihood                5138.264
Date:                Sun, 02 Jun 2024   AIC                         -10270.529
Time:                        16:59:05   BIC                         -10251.293
Sample:                             0   HQIC                        -10263.751
                               - 4500                                         
Covariance Type:                  opg                                         
==============================================================================
                 coef    std err          z      P>|z|      [0.025      0.975]
------------------------------------------------------------------------------
ar.L1          0.9997      0.000   2730.067      0.000       0.999       1.000
ma.L1          0.6887      0.005    143.645      0.000       0.679       0.698
sigma2         0.0060   4.77e-05    124.752      0.000       0.006       0.006
===================================================================================
Ljung-Box (L1) (Q):                 684.78   Jarque-Bera (JB):             29915.20
Prob(Q):                              0.00   Prob(JB):                         0.00
Heteroskedasticity (H):               1.01   Skew:                             0.17
Prob(H) (two-sided):                  0.90   Kurtosis:                        15.63
===================================================================================

Warnings:
[1] Covariance matrix calculated using the outer product of gradients (complex-step).
AIC = -10270.52851215659
RMSE = 3.3408882344988493

m = 2
                               SARIMAX Results                                
==============================================================================
Dep. Variable:                      y   No. Observations:                 4500
Model:               SARIMAX(2, 0, 1)   Log Likelihood                6192.980
Date:                Sun, 02 Jun 2024   AIC                         -12377.960
Time:                        16:59:07   BIC                         -12352.312
Sample:                             0   HQIC                        -12368.923
                               - 4500                                         
Covariance Type:                  opg                                         
==============================================================================
                 coef    std err          z      P>|z|      [0.025      0.975]
------------------------------------------------------------------------------
ar.L1          1.7940      0.005    347.750      0.000       1.784       1.804
ar.L2         -0.7944      0.005   -151.322      0.000      -0.805      -0.784
ma.L1          0.1087      0.006     19.223      0.000       0.098       0.120
sigma2         0.0037   2.18e-05    170.594      0.000       0.004       0.004
===================================================================================
Ljung-Box (L1) (Q):                   0.84   Jarque-Bera (JB):            215862.93
Prob(Q):                              0.36   Prob(JB):                         0.00
Heteroskedasticity (H):               1.06   Skew:                            -1.87
Prob(H) (two-sided):                  0.27   Kurtosis:                        36.72
===================================================================================

Warnings:
[1] Covariance matrix calculated using the outer product of gradients (complex-step).
AIC = -12377.959661850986
RMSE = 3.8206384002513696

m = 3
                               SARIMAX Results                                
==============================================================================
Dep. Variable:                      y   No. Observations:                 4500
Model:               SARIMAX(3, 0, 1)   Log Likelihood                6202.867
Date:                Sun, 02 Jun 2024   AIC                         -12395.734
Time:                        16:59:08   BIC                         -12363.675
Sample:                             0   HQIC                        -12384.438
                               - 4500                                         
Covariance Type:                  opg                                         
==============================================================================
                 coef    std err          z      P>|z|      [0.025      0.975]
------------------------------------------------------------------------------
ar.L1          1.4954      0.068     21.923      0.000       1.362       1.629
ar.L2         -0.2479      0.128     -1.944      0.052      -0.498       0.002
ar.L3         -0.2481      0.060     -4.164      0.000      -0.365      -0.131
ma.L1          0.4105      0.068      6.023      0.000       0.277       0.544
sigma2         0.0037    2.2e-05    168.386      0.000       0.004       0.004
===================================================================================
Ljung-Box (L1) (Q):                   2.12   Jarque-Bera (JB):            218837.33
Prob(Q):                              0.15   Prob(JB):                         0.00
Heteroskedasticity (H):               1.06   Skew:                            -1.87
Prob(H) (two-sided):                  0.27   Kurtosis:                        36.96
===================================================================================

Warnings:
[1] Covariance matrix calculated using the outer product of gradients (complex-step).
AIC = -12395.734097989378
RMSE = 3.934117744524684

m = 4
                               SARIMAX Results                                
==============================================================================
Dep. Variable:                      y   No. Observations:                 4500
Model:               SARIMAX(4, 0, 1)   Log Likelihood                6300.912
Date:                Sun, 02 Jun 2024   AIC                         -12589.824
Time:                        16:59:12   BIC                         -12551.353
Sample:                             0   HQIC                        -12576.268
                               - 4500                                         
Covariance Type:                  opg                                         
==============================================================================
                 coef    std err          z      P>|z|      [0.025      0.975]
------------------------------------------------------------------------------
ar.L1          2.2214      0.043     52.229      0.000       2.138       2.305
ar.L2         -1.7530      0.078    -22.431      0.000      -1.906      -1.600
ar.L3          0.7577      0.039     19.357      0.000       0.681       0.834
ar.L4         -0.2266      0.007    -33.163      0.000      -0.240      -0.213
ma.L1         -0.3534      0.043     -8.251      0.000      -0.437      -0.269
sigma2         0.0036   2.13e-05    166.776      0.000       0.004       0.004
===================================================================================
Ljung-Box (L1) (Q):                   0.88   Jarque-Bera (JB):            212494.56
Prob(Q):                              0.35   Prob(JB):                         0.00
Heteroskedasticity (H):               1.07   Skew:                            -1.69
Prob(H) (two-sided):                  0.20   Kurtosis:                        36.49
===================================================================================

Warnings:
[1] Covariance matrix calculated using the outer product of gradients (complex-step).
AIC = -12589.823674863772
RMSE = 4.629990229247305

m = 5
                               SARIMAX Results                                
==============================================================================
Dep. Variable:                      y   No. Observations:                 4500
Model:               SARIMAX(5, 0, 1)   Log Likelihood                6328.114
Date:                Sun, 02 Jun 2024   AIC                         -12642.227
Time:                        16:59:15   BIC                         -12597.345
Sample:                             0   HQIC                        -12626.412
                               - 4500                                         
Covariance Type:                  opg                                         
==============================================================================
                 coef    std err          z      P>|z|      [0.025      0.975]
------------------------------------------------------------------------------
ar.L1          1.5703      0.086     18.212      0.000       1.401       1.739
ar.L2         -0.5101      0.161     -3.173      0.002      -0.825      -0.195
ar.L3         -0.0613      0.092     -0.669      0.503      -0.241       0.118
ar.L4          0.2026      0.034      5.923      0.000       0.136       0.270
ar.L5         -0.2024      0.017    -12.134      0.000      -0.235      -0.170
ma.L1          0.2921      0.087      3.362      0.001       0.122       0.462
sigma2         0.0035   2.11e-05    166.104      0.000       0.003       0.004
===================================================================================
Ljung-Box (L1) (Q):                   0.01   Jarque-Bera (JB):            207253.60
Prob(Q):                              0.92   Prob(JB):                         0.00
Heteroskedasticity (H):               1.07   Skew:                            -1.71
Prob(H) (two-sided):                  0.22   Kurtosis:                        36.07
===================================================================================

Warnings:
[1] Covariance matrix calculated using the outer product of gradients (complex-step).
AIC = -12642.227340079135
RMSE = 4.423722623218103

m = 6
                               SARIMAX Results                                
==============================================================================
Dep. Variable:                      y   No. Observations:                 4500
Model:               SARIMAX(6, 0, 1)   Log Likelihood                6326.392
Date:                Sun, 02 Jun 2024   AIC                         -12636.785
Time:                        16:59:18   BIC                         -12585.490
Sample:                             0   HQIC                        -12618.711
                               - 4500                                         
Covariance Type:                  opg                                         
==============================================================================
                 coef    std err          z      P>|z|      [0.025      0.975]
------------------------------------------------------------------------------
ar.L1          1.2750      0.224      5.698      0.000       0.836       1.714
ar.L2          0.0370      0.416      0.089      0.929      -0.778       0.852
ar.L3         -0.3749      0.234     -1.604      0.109      -0.833       0.083
ar.L4          0.2784      0.051      5.475      0.000       0.179       0.378
ar.L5         -0.1596      0.041     -3.919      0.000      -0.239      -0.080
ar.L6         -0.0567      0.043     -1.310      0.190      -0.141       0.028
ma.L1          0.5854      0.224      2.619      0.009       0.147       1.024
sigma2         0.0035   2.11e-05    166.179      0.000       0.003       0.004
===================================================================================
Ljung-Box (L1) (Q):                   0.00   Jarque-Bera (JB):            203194.52
Prob(Q):                              0.95   Prob(JB):                         0.00
Heteroskedasticity (H):               1.07   Skew:                            -1.69
Prob(H) (two-sided):                  0.21   Kurtosis:                        35.75
===================================================================================

Warnings:
[1] Covariance matrix calculated using the outer product of gradients (complex-step).
AIC = -12636.784773743319
RMSE = 4.327633118218265

m = 7
                               SARIMAX Results                                
==============================================================================
Dep. Variable:                      y   No. Observations:                 4500
Model:               SARIMAX(7, 0, 1)   Log Likelihood                6328.586
Date:                Sun, 02 Jun 2024   AIC                         -12639.173
Time:                        16:59:22   BIC                         -12581.466
Sample:                             0   HQIC                        -12618.839
                               - 4500                                         
Covariance Type:                  opg                                         
==============================================================================
                 coef    std err          z      P>|z|      [0.025      0.975]
------------------------------------------------------------------------------
ar.L1          1.2137      6.688      0.181      0.856     -11.894      14.322
ar.L2          0.1583     12.461      0.013      0.990     -24.264      24.581
ar.L3         -0.4398      7.034     -0.063      0.950     -14.227      13.347
ar.L4          0.2911      1.629      0.179      0.858      -2.902       3.484
ar.L5         -0.1504      0.882     -0.170      0.865      -1.879       1.579
ar.L6         -0.1068      1.577     -0.068      0.946      -3.197       2.984
ar.L7          0.0331      0.324      0.102      0.919      -0.603       0.669
ma.L1          0.6494      6.688      0.097      0.923     -12.459      13.758
sigma2         0.0035   2.11e-05    165.818      0.000       0.003       0.004
===================================================================================
Ljung-Box (L1) (Q):                   0.01   Jarque-Bera (JB):            208867.72
Prob(Q):                              0.94   Prob(JB):                         0.00
Heteroskedasticity (H):               1.06   Skew:                            -1.73
Prob(H) (two-sided):                  0.22   Kurtosis:                        36.20
===================================================================================

Warnings:
[1] Covariance matrix calculated using the outer product of gradients (complex-step).
AIC = -12639.172764610916
RMSE = 4.243516357183809

m = 8
                               SARIMAX Results                                
==============================================================================
Dep. Variable:                      y   No. Observations:                 4500
Model:               SARIMAX(8, 0, 1)   Log Likelihood                6328.754
Date:                Sun, 02 Jun 2024   AIC                         -12637.508
Time:                        16:59:27   BIC                         -12573.389
Sample:                             0   HQIC                        -12614.915
                               - 4500                                         
Covariance Type:                  opg                                         
==============================================================================
                 coef    std err          z      P>|z|      [0.025      0.975]
------------------------------------------------------------------------------
ar.L1          1.2128      1.098      1.105      0.269      -0.939       3.364
ar.L2          0.1597      2.046      0.078      0.938      -3.850       4.169
ar.L3         -0.4424      1.156     -0.383      0.702      -2.708       1.824
ar.L4          0.2939      0.268      1.095      0.273      -0.232       0.820
ar.L5         -0.1539      0.146     -1.051      0.293      -0.441       0.133
ar.L6         -0.1058      0.260     -0.408      0.684      -0.615       0.403
ar.L7          0.0436      0.059      0.745      0.456      -0.071       0.158
ar.L8         -0.0086      0.012     -0.717      0.473      -0.032       0.015
ma.L1          0.6506      1.098      0.593      0.553      -1.501       2.802
sigma2         0.0035   2.12e-05    165.741      0.000       0.003       0.004
===================================================================================
Ljung-Box (L1) (Q):                   0.01   Jarque-Bera (JB):            208013.96
Prob(Q):                              0.93   Prob(JB):                         0.00
Heteroskedasticity (H):               1.06   Skew:                            -1.72
Prob(H) (two-sided):                  0.23   Kurtosis:                        36.13
===================================================================================

Warnings:
[1] Covariance matrix calculated using the outer product of gradients (complex-step).
AIC = -12637.507561518925
RMSE = 4.259117623081481

m = 9
                               SARIMAX Results                                
==============================================================================
Dep. Variable:                      y   No. Observations:                 4500
Model:               SARIMAX(9, 0, 1)   Log Likelihood                6330.094
Date:                Sun, 02 Jun 2024   AIC                         -12638.187
Time:                        16:59:32   BIC                         -12567.657
Sample:                             0   HQIC                        -12613.335
                               - 4500                                         
Covariance Type:                  opg                                         
==============================================================================
                 coef    std err          z      P>|z|      [0.025      0.975]
------------------------------------------------------------------------------
ar.L1          1.2191      0.320      3.813      0.000       0.592       1.846
ar.L2          0.1475      0.596      0.247      0.805      -1.021       1.316
ar.L3         -0.4338      0.337     -1.287      0.198      -1.094       0.227
ar.L4          0.2962      0.080      3.695      0.000       0.139       0.453
ar.L5         -0.1618      0.047     -3.475      0.001      -0.253      -0.071
ar.L6         -0.0939      0.079     -1.181      0.238      -0.250       0.062
ar.L7          0.0400      0.030      1.316      0.188      -0.020       0.100
ar.L8         -0.0386      0.019     -2.050      0.040      -0.076      -0.002
ar.L9          0.0244      0.012      1.988      0.047       0.000       0.049
ma.L1          0.6443      0.320      2.015      0.044       0.018       1.271
sigma2         0.0035   2.11e-05    165.881      0.000       0.003       0.004
===================================================================================
Ljung-Box (L1) (Q):                   0.06   Jarque-Bera (JB):            209135.20
Prob(Q):                              0.81   Prob(JB):                         0.00
Heteroskedasticity (H):               1.07   Skew:                            -1.73
Prob(H) (two-sided):                  0.21   Kurtosis:                        36.22
===================================================================================

Warnings:
[1] Covariance matrix calculated using the outer product of gradients (complex-step).
AIC = -12638.187353897174
RMSE = 4.223416074460349

m = 10
                               SARIMAX Results                                
==============================================================================
Dep. Variable:                      y   No. Observations:                 4500
Model:              SARIMAX(10, 0, 1)   Log Likelihood                6376.661
Date:                Sun, 02 Jun 2024   AIC                         -12729.323
Time:                        16:59:39   BIC                         -12652.381
Sample:                             0   HQIC                        -12702.212
                               - 4500                                         
Covariance Type:                  opg                                         
==============================================================================
                 coef    std err          z      P>|z|      [0.025      0.975]
------------------------------------------------------------------------------
ar.L1          1.9903      0.071     28.018      0.000       1.851       2.130
ar.L2         -1.3155      0.131    -10.037      0.000      -1.572      -1.059
ar.L3          0.4044      0.075      5.415      0.000       0.258       0.551
ar.L4          0.1034      0.029      3.534      0.000       0.046       0.161
ar.L5         -0.2455      0.036     -6.869      0.000      -0.316      -0.175
ar.L6          0.1062      0.046      2.292      0.022       0.015       0.197
ar.L7         -0.0411      0.045     -0.917      0.359      -0.129       0.047
ar.L8          0.0513      0.036      1.407      0.159      -0.020       0.123
ar.L9         -0.1792      0.030     -5.930      0.000      -0.238      -0.120
ar.L10         0.1252      0.013      9.645      0.000       0.100       0.151
ma.L1         -0.1613      0.072     -2.248      0.025      -0.302      -0.021
sigma2         0.0034   2.04e-05    168.585      0.000       0.003       0.003
===================================================================================
Ljung-Box (L1) (Q):                   0.49   Jarque-Bera (JB):            206132.05
Prob(Q):                              0.49   Prob(JB):                         0.00
Heteroskedasticity (H):               1.08   Skew:                            -1.51
Prob(H) (two-sided):                  0.14   Kurtosis:                        36.02
===================================================================================

Warnings:
[1] Covariance matrix calculated using the outer product of gradients (complex-step).
AIC = -12729.322872063316
RMSE = 4.110904981085711

m = 11
                               SARIMAX Results                                
==============================================================================
Dep. Variable:                      y   No. Observations:                 4500
Model:              SARIMAX(11, 0, 1)   Log Likelihood                6389.377
Date:                Sun, 02 Jun 2024   AIC                         -12752.754
Time:                        16:59:46   BIC                         -12669.400
Sample:                             0   HQIC                        -12723.383
                               - 4500                                         
Covariance Type:                  opg                                         
==============================================================================
                 coef    std err          z      P>|z|      [0.025      0.975]
------------------------------------------------------------------------------
ar.L1          1.7106      0.110     15.538      0.000       1.495       1.926
ar.L2         -0.7715      0.202     -3.810      0.000      -1.168      -0.375
ar.L3          0.0749      0.110      0.678      0.498      -0.142       0.291
ar.L4          0.2275      0.029      7.820      0.000       0.171       0.285
ar.L5         -0.2655      0.035     -7.654      0.000      -0.333      -0.197
ar.L6          0.0431      0.046      0.939      0.348      -0.047       0.133
ar.L7         -0.0058      0.036     -0.161      0.872      -0.076       0.064
ar.L8          0.0200      0.031      0.647      0.517      -0.041       0.080
ar.L9         -0.0758      0.032     -2.375      0.018      -0.138      -0.013
ar.L10        -0.0678      0.035     -1.925      0.054      -0.137       0.001
ar.L11         0.1096      0.020      5.586      0.000       0.071       0.148
ma.L1          0.1197      0.111      1.083      0.279      -0.097       0.336
sigma2         0.0034   2.01e-05    169.647      0.000       0.003       0.003
===================================================================================
Ljung-Box (L1) (Q):                   0.10   Jarque-Bera (JB):            220611.42
Prob(Q):                              0.75   Prob(JB):                         0.00
Heteroskedasticity (H):               1.08   Skew:                            -1.69
Prob(H) (two-sided):                  0.14   Kurtosis:                        37.13
===================================================================================

Warnings:
[1] Covariance matrix calculated using the outer product of gradients (complex-step).
AIC = -12752.754072029566
RMSE = 3.9356467607844325

m = 12
                               SARIMAX Results                                
==============================================================================
Dep. Variable:                      y   No. Observations:                 4500
Model:              SARIMAX(12, 0, 1)   Log Likelihood                6399.587
Date:                Sun, 02 Jun 2024   AIC                         -12771.173
Time:                        16:59:54   BIC                         -12681.408
Sample:                             0   HQIC                        -12739.543
                               - 4500                                         
Covariance Type:                  opg                                         
==============================================================================
                 coef    std err          z      P>|z|      [0.025      0.975]
------------------------------------------------------------------------------
ar.L1          1.2135      0.324      3.744      0.000       0.578       1.849
ar.L2          0.1299      0.596      0.218      0.828      -1.039       1.298
ar.L3         -0.4002      0.330     -1.212      0.226      -1.048       0.247
ar.L4          0.2931      0.079      3.729      0.000       0.139       0.447
ar.L5         -0.1405      0.051     -2.731      0.006      -0.241      -0.040
ar.L6         -0.0932      0.080     -1.167      0.243      -0.250       0.063
ar.L7          0.0606      0.030      1.994      0.046       0.001       0.120
ar.L8         -0.0288      0.024     -1.218      0.223      -0.075       0.018
ar.L9         -0.0816      0.023     -3.512      0.000      -0.127      -0.036
ar.L10        -0.0513      0.028     -1.829      0.067      -0.106       0.004
ar.L11         0.0152      0.021      0.729      0.466      -0.026       0.056
ar.L12         0.0826      0.028      2.919      0.004       0.027       0.138
ma.L1          0.6249      0.325      1.926      0.054      -0.011       1.261
sigma2         0.0034      2e-05    170.270      0.000       0.003       0.003
===================================================================================
Ljung-Box (L1) (Q):                   0.02   Jarque-Bera (JB):            222721.14
Prob(Q):                              0.88   Prob(JB):                         0.00
Heteroskedasticity (H):               1.08   Skew:                            -1.65
Prob(H) (two-sided):                  0.13   Kurtosis:                        37.31
===================================================================================

Warnings:
[1] Covariance matrix calculated using the outer product of gradients (complex-step).
AIC = -12771.173259727751
RMSE = 3.7339903697338452

m = 13
                               SARIMAX Results                                
==============================================================================
Dep. Variable:                      y   No. Observations:                 4500
Model:              SARIMAX(13, 0, 1)   Log Likelihood                6402.297
Date:                Sun, 02 Jun 2024   AIC                         -12774.595
Time:                        17:00:03   BIC                         -12678.417
Sample:                             0   HQIC                        -12740.705
                               - 4500                                         
Covariance Type:                  opg                                         
==============================================================================
                 coef    std err          z      P>|z|      [0.025      0.975]
------------------------------------------------------------------------------
ar.L1          1.1978      1.905      0.629      0.529      -2.535       4.931
ar.L2          0.1552      3.500      0.044      0.965      -6.704       7.015
ar.L3         -0.4138      1.940     -0.213      0.831      -4.217       3.389
ar.L4          0.2975      0.452      0.659      0.510      -0.587       1.182
ar.L5         -0.1353      0.279     -0.485      0.628      -0.683       0.412
ar.L6         -0.0982      0.438     -0.224      0.823      -0.957       0.761
ar.L7          0.0616      0.093      0.661      0.508      -0.121       0.244
ar.L8         -0.0227      0.066     -0.344      0.731      -0.152       0.107
ar.L9         -0.0886      0.086     -1.027      0.305      -0.258       0.081
ar.L10        -0.0404      0.115     -0.350      0.726      -0.267       0.186
ar.L11         0.0088      0.019      0.455      0.649      -0.029       0.047
ar.L12         0.0425      0.028      1.504      0.133      -0.013       0.098
ar.L13         0.0350      0.085      0.410      0.682      -0.132       0.202
ma.L1          0.6390      1.905      0.335      0.737      -3.095       4.373
sigma2         0.0034   2.05e-05    165.530      0.000       0.003       0.003
===================================================================================
Ljung-Box (L1) (Q):                   0.01   Jarque-Bera (JB):            220687.40
Prob(Q):                              0.92   Prob(JB):                         0.00
Heteroskedasticity (H):               1.08   Skew:                            -1.62
Prob(H) (two-sided):                  0.11   Kurtosis:                        37.15
===================================================================================

Warnings:
[1] Covariance matrix calculated using the outer product of gradients (complex-step).
AIC = -12774.59465129234
RMSE = 3.664829186812195

m = 14
                               SARIMAX Results                                
==============================================================================
Dep. Variable:                      y   No. Observations:                 4500
Model:              SARIMAX(14, 0, 1)   Log Likelihood                6403.837
Date:                Sun, 02 Jun 2024   AIC                         -12775.674
Time:                        17:00:11   BIC                         -12673.085
Sample:                             0   HQIC                        -12739.526
                               - 4500                                         
Covariance Type:                  opg                                         
==============================================================================
                 coef    std err          z      P>|z|      [0.025      0.975]
------------------------------------------------------------------------------
ar.L1          1.1964      0.694      1.725      0.085      -0.163       2.556
ar.L2          0.1549      1.273      0.122      0.903      -2.341       2.651
ar.L3         -0.4143      0.706     -0.587      0.558      -1.799       0.970
ar.L4          0.2986      0.165      1.808      0.071      -0.025       0.622
ar.L5         -0.1330      0.104     -1.277      0.202      -0.337       0.071
ar.L6         -0.0977      0.161     -0.608      0.543      -0.412       0.217
ar.L7          0.0600      0.041      1.463      0.144      -0.020       0.140
ar.L8         -0.0200      0.031     -0.650      0.516      -0.080       0.040
ar.L9         -0.0851      0.033     -2.581      0.010      -0.150      -0.020
ar.L10        -0.0482      0.051     -0.951      0.341      -0.148       0.051
ar.L11         0.0196      0.020      1.003      0.316      -0.019       0.058
ar.L12         0.0384      0.027      1.413      0.158      -0.015       0.092
ar.L13         0.0037      0.029      0.128      0.898      -0.052       0.060
ar.L14         0.0262      0.018      1.477      0.140      -0.009       0.061
ma.L1          0.6392      0.694      0.921      0.357      -0.721       1.999
sigma2         0.0034   2.08e-05    163.191      0.000       0.003       0.003
===================================================================================
Ljung-Box (L1) (Q):                   0.01   Jarque-Bera (JB):            218479.50
Prob(Q):                              0.94   Prob(JB):                         0.00
Heteroskedasticity (H):               1.08   Skew:                            -1.60
Prob(H) (two-sided):                  0.13   Kurtosis:                        36.98
===================================================================================

Warnings:
[1] Covariance matrix calculated using the outer product of gradients (complex-step).
AIC = -12775.674470221762
RMSE = 3.622562644945167

m = 15
                               SARIMAX Results                                
==============================================================================
Dep. Variable:                      y   No. Observations:                 4500
Model:              SARIMAX(15, 0, 1)   Log Likelihood                6406.057
Date:                Sun, 02 Jun 2024   AIC                         -12778.113
Time:                        17:00:22   BIC                         -12669.112
Sample:                             0   HQIC                        -12739.706
                               - 4500                                         
Covariance Type:                  opg                                         
==============================================================================
                 coef    std err          z      P>|z|      [0.025      0.975]
------------------------------------------------------------------------------
ar.L1          1.1954      0.886      1.349      0.177      -0.541       2.932
ar.L2          0.1551      1.626      0.095      0.924      -3.032       3.343
ar.L3         -0.4158      0.903     -0.461      0.645      -2.185       1.353
ar.L4          0.2980      0.210      1.421      0.155      -0.113       0.709
ar.L5         -0.1313      0.133     -0.990      0.322      -0.391       0.129
ar.L6         -0.0950      0.202     -0.470      0.639      -0.492       0.301
ar.L7          0.0606      0.048      1.253      0.210      -0.034       0.155
ar.L8         -0.0221      0.035     -0.628      0.530      -0.091       0.047
ar.L9         -0.0820      0.043     -1.918      0.055      -0.166       0.002
ar.L10        -0.0441      0.053     -0.834      0.404      -0.148       0.060
ar.L11         0.0102      0.022      0.456      0.648      -0.033       0.054
ar.L12         0.0515      0.031      1.673      0.094      -0.009       0.112
ar.L13        -0.0011      0.040     -0.028      0.978      -0.080       0.078
ar.L14        -0.0114      0.036     -0.318      0.750      -0.082       0.059
ar.L15         0.0315      0.027      1.156      0.248      -0.022       0.085
ma.L1          0.6394      0.886      0.721      0.471      -1.098       2.377
sigma2         0.0034    2.1e-05    161.264      0.000       0.003       0.003
===================================================================================
Ljung-Box (L1) (Q):                   0.00   Jarque-Bera (JB):            217122.93
Prob(Q):                              0.99   Prob(JB):                         0.00
Heteroskedasticity (H):               1.08   Skew:                            -1.58
Prob(H) (two-sided):                  0.14   Kurtosis:                        36.88
===================================================================================

Warnings:
[1] Covariance matrix calculated using the outer product of gradients (complex-step).
AIC = -12778.113338567453
RMSE = 3.5686581253960896
